2022-10-13 03:34:29,438 DEBUG scheduler Queued events for site dcode.com
2022-10-13 03:35:29,736 INFO scheduler Scheduled Job Start: erpnext.manufacturing.doctype.bom_update_log.bom_update_log.resume_bom_cost_update_jobs for dcode.com
2022-10-13 03:35:29,739 DEBUG scheduler Queued events for site dcode.com
2022-10-13 03:35:29,995 INFO scheduler Scheduled Job Complete: erpnext.manufacturing.doctype.bom_update_log.bom_update_log.resume_bom_cost_update_jobs for dcode.com
2022-10-13 03:36:29,993 INFO scheduler Scheduled Job Start: erpnext.crm.doctype.social_media_post.social_media_post.process_scheduled_social_media_posts for dcode.com
2022-10-13 03:36:30,094 DEBUG scheduler Queued events for site dcode.com
2022-10-13 03:36:30,225 INFO scheduler Scheduled Job Complete: erpnext.crm.doctype.social_media_post.social_media_post.process_scheduled_social_media_posts for dcode.com
2022-10-13 03:36:30,301 INFO scheduler Scheduled Job Start: erpnext.hr.doctype.interview.interview.send_interview_reminder for dcode.com
2022-10-13 03:36:30,490 INFO scheduler Scheduled Job Complete: erpnext.hr.doctype.interview.interview.send_interview_reminder for dcode.com
2022-10-13 03:36:30,562 INFO scheduler Scheduled Job Start: erpnext.healthcare.doctype.patient_appointment.patient_appointment.send_appointment_reminder for dcode.com
2022-10-13 03:36:30,767 INFO scheduler Scheduled Job Complete: erpnext.healthcare.doctype.patient_appointment.patient_appointment.send_appointment_reminder for dcode.com
2022-10-13 03:36:30,840 INFO scheduler Scheduled Job Start: erpnext.projects.doctype.project.project.project_status_update_reminder for dcode.com
2022-10-13 03:36:31,081 INFO scheduler Scheduled Job Complete: erpnext.projects.doctype.project.project.project_status_update_reminder for dcode.com
2022-10-13 03:36:31,157 INFO scheduler Scheduled Job Start: frappe.monitor.flush for dcode.com
2022-10-13 03:36:31,317 INFO scheduler Scheduled Job Complete: frappe.monitor.flush for dcode.com
2022-10-13 03:36:31,393 INFO scheduler Scheduled Job Start: frappe.utils.global_search.sync_global_search for dcode.com
2022-10-13 03:36:31,595 INFO scheduler Scheduled Job Complete: frappe.utils.global_search.sync_global_search for dcode.com
2022-10-13 03:36:31,672 INFO scheduler Scheduled Job Start: frappe.integrations.doctype.razorpay_settings.razorpay_settings.capture_payment for dcode.com
2022-10-13 03:36:31,970 INFO scheduler Scheduled Job Complete: frappe.integrations.doctype.razorpay_settings.razorpay_settings.capture_payment for dcode.com
2022-10-13 03:36:32,044 INFO scheduler Scheduled Job Start: frappe.email.doctype.email_account.email_account.notify_unreplied for dcode.com
2022-10-13 03:36:32,290 INFO scheduler Scheduled Job Complete: frappe.email.doctype.email_account.email_account.notify_unreplied for dcode.com
2022-10-13 03:36:32,365 INFO scheduler Scheduled Job Start: frappe.email.doctype.email_account.email_account.pull for dcode.com
2022-10-13 03:36:32,620 INFO scheduler Scheduled Job Complete: frappe.email.doctype.email_account.email_account.pull for dcode.com
2022-10-13 03:36:32,694 INFO scheduler Scheduled Job Start: frappe.email.queue.flush for dcode.com
2022-10-13 03:36:32,902 INFO scheduler Scheduled Job Complete: frappe.email.queue.flush for dcode.com
2022-10-13 03:37:30,371 DEBUG scheduler Queued events for site dcode.com
2022-10-13 03:38:30,631 DEBUG scheduler Queued events for site dcode.com
2022-10-13 03:39:30,893 DEBUG scheduler Queued events for site dcode.com
2022-10-13 03:40:31,140 INFO scheduler Scheduled Job Start: erpnext.crm.doctype.social_media_post.social_media_post.process_scheduled_social_media_posts for dcode.com
2022-10-13 03:40:31,245 DEBUG scheduler Queued events for site dcode.com
2022-10-13 03:40:31,365 INFO scheduler Scheduled Job Complete: erpnext.crm.doctype.social_media_post.social_media_post.process_scheduled_social_media_posts for dcode.com
2022-10-13 03:40:31,438 INFO scheduler Scheduled Job Start: erpnext.hr.doctype.interview.interview.send_interview_reminder for dcode.com
2022-10-13 03:40:31,665 INFO scheduler Scheduled Job Complete: erpnext.hr.doctype.interview.interview.send_interview_reminder for dcode.com
2022-10-13 03:40:31,737 INFO scheduler Scheduled Job Start: erpnext.healthcare.doctype.patient_appointment.patient_appointment.send_appointment_reminder for dcode.com
2022-10-13 03:40:31,949 INFO scheduler Scheduled Job Complete: erpnext.healthcare.doctype.patient_appointment.patient_appointment.send_appointment_reminder for dcode.com
2022-10-13 03:40:32,022 INFO scheduler Scheduled Job Start: erpnext.projects.doctype.project.project.project_status_update_reminder for dcode.com
2022-10-13 03:40:32,304 INFO scheduler Scheduled Job Complete: erpnext.projects.doctype.project.project.project_status_update_reminder for dcode.com
2022-10-13 03:40:32,377 INFO scheduler Scheduled Job Start: erpnext.manufacturing.doctype.bom_update_log.bom_update_log.resume_bom_cost_update_jobs for dcode.com
2022-10-13 03:40:32,634 INFO scheduler Scheduled Job Complete: erpnext.manufacturing.doctype.bom_update_log.bom_update_log.resume_bom_cost_update_jobs for dcode.com
2022-10-13 03:40:32,716 INFO scheduler Scheduled Job Start: frappe.monitor.flush for dcode.com
2022-10-13 03:40:32,911 INFO scheduler Scheduled Job Complete: frappe.monitor.flush for dcode.com
2022-10-13 03:40:32,986 INFO scheduler Scheduled Job Start: frappe.utils.global_search.sync_global_search for dcode.com
2022-10-13 03:40:33,188 INFO scheduler Scheduled Job Complete: frappe.utils.global_search.sync_global_search for dcode.com
2022-10-13 03:40:33,262 INFO scheduler Scheduled Job Start: frappe.integrations.doctype.razorpay_settings.razorpay_settings.capture_payment for dcode.com
2022-10-13 03:40:33,559 INFO scheduler Scheduled Job Complete: frappe.integrations.doctype.razorpay_settings.razorpay_settings.capture_payment for dcode.com
2022-10-13 03:40:33,631 INFO scheduler Scheduled Job Start: frappe.email.doctype.email_account.email_account.notify_unreplied for dcode.com
2022-10-13 03:40:33,839 INFO scheduler Scheduled Job Complete: frappe.email.doctype.email_account.email_account.notify_unreplied for dcode.com
2022-10-13 03:40:33,910 INFO scheduler Scheduled Job Start: frappe.email.doctype.email_account.email_account.pull for dcode.com
2022-10-13 03:40:34,177 INFO scheduler Scheduled Job Complete: frappe.email.doctype.email_account.email_account.pull for dcode.com
2022-10-13 03:40:34,254 INFO scheduler Scheduled Job Start: frappe.email.queue.flush for dcode.com
2022-10-13 03:40:34,462 INFO scheduler Scheduled Job Complete: frappe.email.queue.flush for dcode.com
2022-10-19 14:40:45,185 ERROR scheduler Exception in Enqueue Events for Site dcode.com
Traceback (most recent call last):
  File "env/lib/python3.8/site-packages/pymysql/connections.py", line 613, in connect
    sock = socket.create_connection(
  File "/usr/lib/python3.8/socket.py", line 808, in create_connection
    raise err
  File "/usr/lib/python3.8/socket.py", line 796, in create_connection
    sock.connect(sa)
ConnectionRefusedError: [Errno 111] Connection refused

During handling of the above exception, another exception occurred:

Traceback (most recent call last):
  File "apps/frappe/frappe/utils/scheduler.py", line 70, in enqueue_events_for_site
    if is_scheduler_inactive():
  File "apps/frappe/frappe/utils/scheduler.py", line 105, in is_scheduler_inactive
    if is_scheduler_disabled():
  File "apps/frappe/frappe/utils/scheduler.py", line 115, in is_scheduler_disabled
    return not frappe.utils.cint(frappe.db.get_single_value("System Settings", "enable_scheduler"))
  File "apps/frappe/frappe/database/database.py", line 671, in get_single_value
    val = self.sql(
  File "apps/frappe/frappe/database/database.py", line 148, in sql
    self.connect()
  File "apps/frappe/frappe/database/database.py", line 84, in connect
    self._conn = self.get_connection()
  File "apps/frappe/frappe/database/mariadb/database.py", line 76, in get_connection
    conn = pymysql.connect(
  File "env/lib/python3.8/site-packages/pymysql/connections.py", line 353, in __init__
    self.connect()
  File "env/lib/python3.8/site-packages/pymysql/connections.py", line 664, in connect
    raise exc
pymysql.err.OperationalError: (2003, "Can't connect to MySQL server on '127.0.0.1' ([Errno 111] Connection refused)")

2022-10-19 14:41:45,264 ERROR scheduler Exception in Enqueue Events for Site dcode.com
Traceback (most recent call last):
  File "env/lib/python3.8/site-packages/pymysql/connections.py", line 613, in connect
    sock = socket.create_connection(
  File "/usr/lib/python3.8/socket.py", line 808, in create_connection
    raise err
  File "/usr/lib/python3.8/socket.py", line 796, in create_connection
    sock.connect(sa)
ConnectionRefusedError: [Errno 111] Connection refused

During handling of the above exception, another exception occurred:

Traceback (most recent call last):
  File "apps/frappe/frappe/utils/scheduler.py", line 70, in enqueue_events_for_site
    if is_scheduler_inactive():
  File "apps/frappe/frappe/utils/scheduler.py", line 105, in is_scheduler_inactive
    if is_scheduler_disabled():
  File "apps/frappe/frappe/utils/scheduler.py", line 115, in is_scheduler_disabled
    return not frappe.utils.cint(frappe.db.get_single_value("System Settings", "enable_scheduler"))
  File "apps/frappe/frappe/database/database.py", line 671, in get_single_value
    val = self.sql(
  File "apps/frappe/frappe/database/database.py", line 148, in sql
    self.connect()
  File "apps/frappe/frappe/database/database.py", line 84, in connect
    self._conn = self.get_connection()
  File "apps/frappe/frappe/database/mariadb/database.py", line 76, in get_connection
    conn = pymysql.connect(
  File "env/lib/python3.8/site-packages/pymysql/connections.py", line 353, in __init__
    self.connect()
  File "env/lib/python3.8/site-packages/pymysql/connections.py", line 664, in connect
    raise exc
pymysql.err.OperationalError: (2003, "Can't connect to MySQL server on '127.0.0.1' ([Errno 111] Connection refused)")

2022-10-19 14:42:45,341 ERROR scheduler Exception in Enqueue Events for Site dcode.com
Traceback (most recent call last):
  File "env/lib/python3.8/site-packages/pymysql/connections.py", line 613, in connect
    sock = socket.create_connection(
  File "/usr/lib/python3.8/socket.py", line 808, in create_connection
    raise err
  File "/usr/lib/python3.8/socket.py", line 796, in create_connection
    sock.connect(sa)
ConnectionRefusedError: [Errno 111] Connection refused

During handling of the above exception, another exception occurred:

Traceback (most recent call last):
  File "apps/frappe/frappe/utils/scheduler.py", line 70, in enqueue_events_for_site
    if is_scheduler_inactive():
  File "apps/frappe/frappe/utils/scheduler.py", line 105, in is_scheduler_inactive
    if is_scheduler_disabled():
  File "apps/frappe/frappe/utils/scheduler.py", line 115, in is_scheduler_disabled
    return not frappe.utils.cint(frappe.db.get_single_value("System Settings", "enable_scheduler"))
  File "apps/frappe/frappe/database/database.py", line 671, in get_single_value
    val = self.sql(
  File "apps/frappe/frappe/database/database.py", line 148, in sql
    self.connect()
  File "apps/frappe/frappe/database/database.py", line 84, in connect
    self._conn = self.get_connection()
  File "apps/frappe/frappe/database/mariadb/database.py", line 76, in get_connection
    conn = pymysql.connect(
  File "env/lib/python3.8/site-packages/pymysql/connections.py", line 353, in __init__
    self.connect()
  File "env/lib/python3.8/site-packages/pymysql/connections.py", line 664, in connect
    raise exc
pymysql.err.OperationalError: (2003, "Can't connect to MySQL server on '127.0.0.1' ([Errno 111] Connection refused)")

2022-10-19 14:43:45,409 ERROR scheduler Exception in Enqueue Events for Site dcode.com
Traceback (most recent call last):
  File "env/lib/python3.8/site-packages/pymysql/connections.py", line 613, in connect
    sock = socket.create_connection(
  File "/usr/lib/python3.8/socket.py", line 808, in create_connection
    raise err
  File "/usr/lib/python3.8/socket.py", line 796, in create_connection
    sock.connect(sa)
ConnectionRefusedError: [Errno 111] Connection refused

During handling of the above exception, another exception occurred:

Traceback (most recent call last):
  File "apps/frappe/frappe/utils/scheduler.py", line 70, in enqueue_events_for_site
    if is_scheduler_inactive():
  File "apps/frappe/frappe/utils/scheduler.py", line 105, in is_scheduler_inactive
    if is_scheduler_disabled():
  File "apps/frappe/frappe/utils/scheduler.py", line 115, in is_scheduler_disabled
    return not frappe.utils.cint(frappe.db.get_single_value("System Settings", "enable_scheduler"))
  File "apps/frappe/frappe/database/database.py", line 671, in get_single_value
    val = self.sql(
  File "apps/frappe/frappe/database/database.py", line 148, in sql
    self.connect()
  File "apps/frappe/frappe/database/database.py", line 84, in connect
    self._conn = self.get_connection()
  File "apps/frappe/frappe/database/mariadb/database.py", line 76, in get_connection
    conn = pymysql.connect(
  File "env/lib/python3.8/site-packages/pymysql/connections.py", line 353, in __init__
    self.connect()
  File "env/lib/python3.8/site-packages/pymysql/connections.py", line 664, in connect
    raise exc
pymysql.err.OperationalError: (2003, "Can't connect to MySQL server on '127.0.0.1' ([Errno 111] Connection refused)")

2022-10-19 14:44:45,480 ERROR scheduler Exception in Enqueue Events for Site dcode.com
Traceback (most recent call last):
  File "env/lib/python3.8/site-packages/pymysql/connections.py", line 613, in connect
    sock = socket.create_connection(
  File "/usr/lib/python3.8/socket.py", line 808, in create_connection
    raise err
  File "/usr/lib/python3.8/socket.py", line 796, in create_connection
    sock.connect(sa)
ConnectionRefusedError: [Errno 111] Connection refused

During handling of the above exception, another exception occurred:

Traceback (most recent call last):
  File "apps/frappe/frappe/utils/scheduler.py", line 70, in enqueue_events_for_site
    if is_scheduler_inactive():
  File "apps/frappe/frappe/utils/scheduler.py", line 105, in is_scheduler_inactive
    if is_scheduler_disabled():
  File "apps/frappe/frappe/utils/scheduler.py", line 115, in is_scheduler_disabled
    return not frappe.utils.cint(frappe.db.get_single_value("System Settings", "enable_scheduler"))
  File "apps/frappe/frappe/database/database.py", line 671, in get_single_value
    val = self.sql(
  File "apps/frappe/frappe/database/database.py", line 148, in sql
    self.connect()
  File "apps/frappe/frappe/database/database.py", line 84, in connect
    self._conn = self.get_connection()
  File "apps/frappe/frappe/database/mariadb/database.py", line 76, in get_connection
    conn = pymysql.connect(
  File "env/lib/python3.8/site-packages/pymysql/connections.py", line 353, in __init__
    self.connect()
  File "env/lib/python3.8/site-packages/pymysql/connections.py", line 664, in connect
    raise exc
pymysql.err.OperationalError: (2003, "Can't connect to MySQL server on '127.0.0.1' ([Errno 111] Connection refused)")

2022-10-19 14:45:45,549 ERROR scheduler Exception in Enqueue Events for Site dcode.com
Traceback (most recent call last):
  File "env/lib/python3.8/site-packages/pymysql/connections.py", line 613, in connect
    sock = socket.create_connection(
  File "/usr/lib/python3.8/socket.py", line 808, in create_connection
    raise err
  File "/usr/lib/python3.8/socket.py", line 796, in create_connection
    sock.connect(sa)
ConnectionRefusedError: [Errno 111] Connection refused

During handling of the above exception, another exception occurred:

Traceback (most recent call last):
  File "apps/frappe/frappe/utils/scheduler.py", line 70, in enqueue_events_for_site
    if is_scheduler_inactive():
  File "apps/frappe/frappe/utils/scheduler.py", line 105, in is_scheduler_inactive
    if is_scheduler_disabled():
  File "apps/frappe/frappe/utils/scheduler.py", line 115, in is_scheduler_disabled
    return not frappe.utils.cint(frappe.db.get_single_value("System Settings", "enable_scheduler"))
  File "apps/frappe/frappe/database/database.py", line 671, in get_single_value
    val = self.sql(
  File "apps/frappe/frappe/database/database.py", line 148, in sql
    self.connect()
  File "apps/frappe/frappe/database/database.py", line 84, in connect
    self._conn = self.get_connection()
  File "apps/frappe/frappe/database/mariadb/database.py", line 76, in get_connection
    conn = pymysql.connect(
  File "env/lib/python3.8/site-packages/pymysql/connections.py", line 353, in __init__
    self.connect()
  File "env/lib/python3.8/site-packages/pymysql/connections.py", line 664, in connect
    raise exc
pymysql.err.OperationalError: (2003, "Can't connect to MySQL server on '127.0.0.1' ([Errno 111] Connection refused)")

2022-10-19 14:47:54,967 INFO scheduler Scheduled Job Start: erpnext.hr.doctype.shift_type.shift_type.process_auto_attendance_for_all_shifts for dcode.com
2022-10-19 14:47:54,967 INFO scheduler Scheduled Job Start: erpnext.hr.doctype.employee.employee_reminders.send_reminders_in_advance_weekly for dcode.com
2022-10-19 14:47:55,509 INFO scheduler Scheduled Job Complete: erpnext.hr.doctype.shift_type.shift_type.process_auto_attendance_for_all_shifts for dcode.com
2022-10-19 14:47:55,550 INFO scheduler Scheduled Job Complete: erpnext.hr.doctype.employee.employee_reminders.send_reminders_in_advance_weekly for dcode.com
2022-10-19 14:47:55,571 INFO scheduler Scheduled Job Start: erpnext.stock.doctype.repost_item_valuation.repost_item_valuation.repost_entries for dcode.com
2022-10-19 14:47:55,602 INFO scheduler Scheduled Job Start: erpnext.hr.doctype.interview.interview.send_daily_feedback_reminder for dcode.com
2022-10-19 14:47:55,752 INFO scheduler Scheduled Job Complete: erpnext.stock.doctype.repost_item_valuation.repost_item_valuation.repost_entries for dcode.com
2022-10-19 14:47:55,781 INFO scheduler Scheduled Job Complete: erpnext.hr.doctype.interview.interview.send_daily_feedback_reminder for dcode.com
2022-10-19 14:47:55,802 INFO scheduler Scheduled Job Start: erpnext.accounts.doctype.subscription.subscription.process_all for dcode.com
2022-10-19 14:47:55,830 INFO scheduler Scheduled Job Start: erpnext.non_profit.doctype.membership.membership.set_expired_status for dcode.com
2022-10-19 14:47:55,970 DEBUG scheduler Queued events for site dcode.com
2022-10-19 14:47:55,975 INFO scheduler Scheduled Job Complete: erpnext.non_profit.doctype.membership.membership.set_expired_status for dcode.com
2022-10-19 14:47:56,005 INFO scheduler Scheduled Job Complete: erpnext.accounts.doctype.subscription.subscription.process_all for dcode.com
2022-10-19 14:47:56,022 INFO scheduler Scheduled Job Start: erpnext.accounts.doctype.process_statement_of_accounts.process_statement_of_accounts.send_auto_email for dcode.com
2022-10-19 14:47:56,052 INFO scheduler Scheduled Job Start: erpnext.crm.doctype.lead.lead.daily_open_lead for dcode.com
2022-10-19 14:47:56,240 INFO scheduler Scheduled Job Complete: erpnext.accounts.doctype.process_statement_of_accounts.process_statement_of_accounts.send_auto_email for dcode.com
2022-10-19 14:47:56,282 INFO scheduler Scheduled Job Complete: erpnext.crm.doctype.lead.lead.daily_open_lead for dcode.com
2022-10-19 14:47:56,287 INFO scheduler Scheduled Job Start: erpnext.buying.doctype.supplier_quotation.supplier_quotation.set_expired_status for dcode.com
2022-10-19 14:47:56,329 INFO scheduler Scheduled Job Start: erpnext.loan_management.doctype.process_loan_interest_accrual.process_loan_interest_accrual.process_loan_interest_accrual_for_term_loans for dcode.com
2022-10-19 14:47:56,478 INFO scheduler Scheduled Job Complete: erpnext.buying.doctype.supplier_quotation.supplier_quotation.set_expired_status for dcode.com
2022-10-19 14:47:56,518 INFO scheduler Scheduled Job Complete: erpnext.loan_management.doctype.process_loan_interest_accrual.process_loan_interest_accrual.process_loan_interest_accrual_for_term_loans for dcode.com
2022-10-19 14:47:56,529 INFO scheduler Scheduled Job Start: erpnext.healthcare.doctype.patient_appointment.patient_appointment.update_appointment_status for dcode.com
2022-10-19 14:47:56,567 INFO scheduler Scheduled Job Start: erpnext.loan_management.doctype.process_loan_security_shortfall.process_loan_security_shortfall.create_process_loan_security_shortfall for dcode.com
2022-10-19 14:47:56,662 INFO scheduler Scheduled Job Failed: erpnext.healthcare.doctype.patient_appointment.patient_appointment.update_appointment_status for dcode.com
2022-10-19 14:47:56,702 INFO scheduler Scheduled Job Complete: erpnext.loan_management.doctype.process_loan_security_shortfall.process_loan_security_shortfall.create_process_loan_security_shortfall for dcode.com
2022-10-19 14:47:56,716 INFO scheduler Scheduled Job Start: erpnext.selling.doctype.quotation.quotation.set_expired_status for dcode.com
2022-10-19 14:47:56,747 INFO scheduler Scheduled Job Start: erpnext.hr.utils.allocate_earned_leaves for dcode.com
2022-10-19 14:47:56,904 INFO scheduler Scheduled Job Complete: erpnext.selling.doctype.quotation.quotation.set_expired_status for dcode.com
2022-10-19 14:47:56,908 INFO scheduler Scheduled Job Complete: erpnext.hr.utils.allocate_earned_leaves for dcode.com
2022-10-19 14:47:56,953 INFO scheduler Scheduled Job Start: erpnext.crm.doctype.email_campaign.email_campaign.set_email_campaign_status for dcode.com
2022-10-19 14:47:56,955 INFO scheduler Scheduled Job Start: erpnext.hr.utils.generate_leave_encashment for dcode.com
2022-10-19 14:47:57,097 INFO scheduler Scheduled Job Complete: erpnext.hr.utils.generate_leave_encashment for dcode.com
2022-10-19 14:47:57,124 INFO scheduler Scheduled Job Complete: erpnext.crm.doctype.email_campaign.email_campaign.set_email_campaign_status for dcode.com
2022-10-19 14:47:57,155 INFO scheduler Scheduled Job Start: erpnext.hr.doctype.leave_ledger_entry.leave_ledger_entry.process_expired_allocation for dcode.com
2022-10-19 14:47:57,169 INFO scheduler Scheduled Job Start: erpnext.crm.doctype.email_campaign.email_campaign.send_email_to_leads_or_contacts for dcode.com
2022-10-19 14:47:57,282 INFO scheduler Scheduled Job Complete: erpnext.hr.doctype.leave_ledger_entry.leave_ledger_entry.process_expired_allocation for dcode.com
2022-10-19 14:47:57,313 INFO scheduler Scheduled Job Complete: erpnext.crm.doctype.email_campaign.email_campaign.send_email_to_leads_or_contacts for dcode.com
2022-10-19 14:47:57,331 INFO scheduler Scheduled Job Start: erpnext.manufacturing.doctype.bom_update_tool.bom_update_tool.auto_update_latest_price_in_all_boms for dcode.com
2022-10-19 14:47:57,361 INFO scheduler Scheduled Job Start: erpnext.support.doctype.service_level_agreement.service_level_agreement.check_agreement_status for dcode.com
2022-10-19 14:47:57,487 INFO scheduler Scheduled Job Complete: erpnext.manufacturing.doctype.bom_update_tool.bom_update_tool.auto_update_latest_price_in_all_boms for dcode.com
2022-10-19 14:47:57,531 INFO scheduler Scheduled Job Complete: erpnext.support.doctype.service_level_agreement.service_level_agreement.check_agreement_status for dcode.com
2022-10-19 14:47:57,539 INFO scheduler Scheduled Job Start: erpnext.setup.doctype.email_digest.email_digest.send for dcode.com
2022-10-19 14:47:57,576 INFO scheduler Scheduled Job Start: erpnext.quality_management.doctype.quality_review.quality_review.review for dcode.com
2022-10-19 14:47:57,675 INFO scheduler Scheduled Job Complete: erpnext.setup.doctype.email_digest.email_digest.send for dcode.com
2022-10-19 14:47:57,723 INFO scheduler Scheduled Job Start: frappe.integrations.doctype.google_drive.google_drive.weekly_backup for dcode.com
2022-10-19 14:47:57,734 INFO scheduler Scheduled Job Complete: erpnext.quality_management.doctype.quality_review.quality_review.review for dcode.com
2022-10-19 14:47:57,780 INFO scheduler Scheduled Job Start: erpnext.projects.doctype.project.project.send_project_status_email_to_users for dcode.com
2022-10-19 14:47:57,972 INFO scheduler Scheduled Job Complete: erpnext.projects.doctype.project.project.send_project_status_email_to_users for dcode.com
2022-10-19 14:47:58,019 INFO scheduler Scheduled Job Start: erpnext.projects.doctype.project.project.update_project_sales_billing for dcode.com
2022-10-19 14:47:58,037 INFO scheduler Scheduled Job Complete: frappe.integrations.doctype.google_drive.google_drive.weekly_backup for dcode.com
2022-10-19 14:47:58,083 INFO scheduler Scheduled Job Start: frappe.social.doctype.energy_point_log.energy_point_log.send_weekly_summary for dcode.com
2022-10-19 14:47:58,200 INFO scheduler Scheduled Job Complete: erpnext.projects.doctype.project.project.update_project_sales_billing for dcode.com
2022-10-19 14:47:58,209 INFO scheduler Scheduled Job Complete: frappe.social.doctype.energy_point_log.energy_point_log.send_weekly_summary for dcode.com
2022-10-19 14:47:58,245 INFO scheduler Scheduled Job Start: erpnext.crm.doctype.contract.contract.update_status_for_contracts for dcode.com
2022-10-19 14:47:58,256 INFO scheduler Scheduled Job Start: frappe.desk.form.document_follow.send_weekly_updates for dcode.com
2022-10-19 14:47:58,393 INFO scheduler Scheduled Job Complete: erpnext.crm.doctype.contract.contract.update_status_for_contracts for dcode.com
2022-10-19 14:47:58,404 INFO scheduler Scheduled Job Complete: frappe.desk.form.document_follow.send_weekly_updates for dcode.com
2022-10-19 14:47:58,438 INFO scheduler Scheduled Job Start: erpnext.assets.doctype.asset.asset.make_post_gl_entry for dcode.com
2022-10-19 14:47:58,450 INFO scheduler Scheduled Job Start: frappe.desk.doctype.route_history.route_history.flush_old_route_records for dcode.com
2022-10-19 14:47:58,577 INFO scheduler Scheduled Job Complete: frappe.desk.doctype.route_history.route_history.flush_old_route_records for dcode.com
2022-10-19 14:47:58,622 INFO scheduler Scheduled Job Start: frappe.integrations.doctype.s3_backup_settings.s3_backup_settings.take_backups_weekly for dcode.com
2022-10-19 14:47:58,646 INFO scheduler Scheduled Job Complete: erpnext.assets.doctype.asset.asset.make_post_gl_entry for dcode.com
2022-10-19 14:47:58,692 INFO scheduler Scheduled Job Start: erpnext.assets.doctype.asset.asset.update_maintenance_status for dcode.com
2022-10-19 14:47:58,830 INFO scheduler Scheduled Job Complete: frappe.integrations.doctype.s3_backup_settings.s3_backup_settings.take_backups_weekly for dcode.com
2022-10-19 14:47:58,877 INFO scheduler Scheduled Job Start: frappe.integrations.doctype.dropbox_settings.dropbox_settings.take_backups_weekly for dcode.com
2022-10-19 14:47:58,901 INFO scheduler Scheduled Job Complete: erpnext.assets.doctype.asset.asset.update_maintenance_status for dcode.com
2022-10-19 14:47:58,950 INFO scheduler Scheduled Job Start: erpnext.setup.doctype.company.company.cache_companies_monthly_sales_history for dcode.com
2022-10-19 14:47:59,121 INFO scheduler Scheduled Job Complete: frappe.integrations.doctype.dropbox_settings.dropbox_settings.take_backups_weekly for dcode.com
2022-10-19 14:47:59,141 INFO scheduler Scheduled Job Complete: erpnext.setup.doctype.company.company.cache_companies_monthly_sales_history for dcode.com
2022-10-19 14:47:59,170 INFO scheduler Scheduled Job Start: frappe.integrations.doctype.google_drive.google_drive.daily_backup for dcode.com
2022-10-19 14:47:59,186 INFO scheduler Scheduled Job Start: erpnext.buying.doctype.supplier_scorecard.supplier_scorecard.refresh_scorecards for dcode.com
2022-10-19 14:47:59,310 INFO scheduler Scheduled Job Complete: erpnext.buying.doctype.supplier_scorecard.supplier_scorecard.refresh_scorecards for dcode.com
2022-10-19 14:47:59,355 INFO scheduler Scheduled Job Start: erpnext.stock.doctype.serial_no.serial_no.update_maintenance_status for dcode.com
2022-10-19 14:47:59,382 INFO scheduler Scheduled Job Complete: frappe.integrations.doctype.google_drive.google_drive.daily_backup for dcode.com
2022-10-19 14:47:59,429 INFO scheduler Scheduled Job Start: frappe.email.doctype.auto_email_report.auto_email_report.send_daily for dcode.com
2022-10-19 14:47:59,537 INFO scheduler Scheduled Job Complete: erpnext.stock.doctype.serial_no.serial_no.update_maintenance_status for dcode.com
2022-10-19 14:47:59,590 INFO scheduler Scheduled Job Start: erpnext.hr.doctype.daily_work_summary_group.daily_work_summary_group.send_summary for dcode.com
2022-10-19 14:47:59,760 INFO scheduler Scheduled Job Complete: erpnext.hr.doctype.daily_work_summary_group.daily_work_summary_group.send_summary for dcode.com
2022-10-19 14:47:59,808 INFO scheduler Scheduled Job Start: erpnext.assets.doctype.asset.depreciation.post_depreciation_entries for dcode.com
2022-10-19 14:47:59,876 INFO scheduler Scheduled Job Complete: frappe.email.doctype.auto_email_report.auto_email_report.send_daily for dcode.com
2022-10-19 14:47:59,927 INFO scheduler Scheduled Job Start: frappe.integrations.doctype.s3_backup_settings.s3_backup_settings.take_backups_daily for dcode.com
2022-10-19 14:47:59,941 INFO scheduler Scheduled Job Complete: erpnext.assets.doctype.asset.depreciation.post_depreciation_entries for dcode.com
2022-10-19 14:47:59,988 INFO scheduler Scheduled Job Start: erpnext.projects.doctype.task.task.set_tasks_as_overdue for dcode.com
2022-10-19 14:48:00,100 INFO scheduler Scheduled Job Complete: frappe.integrations.doctype.s3_backup_settings.s3_backup_settings.take_backups_daily for dcode.com
2022-10-19 14:48:00,147 INFO scheduler Scheduled Job Start: frappe.utils.change_log.check_for_update for dcode.com
2022-10-19 14:48:00,150 INFO scheduler Scheduled Job Complete: erpnext.projects.doctype.task.task.set_tasks_as_overdue for dcode.com
2022-10-19 14:48:00,196 INFO scheduler Scheduled Job Start: erpnext.hr.doctype.employee.employee_reminders.send_birthday_reminders for dcode.com
2022-10-19 14:48:00,325 INFO scheduler Scheduled Job Complete: erpnext.hr.doctype.employee.employee_reminders.send_birthday_reminders for dcode.com
2022-10-19 14:48:00,372 INFO scheduler Scheduled Job Start: erpnext.hr.doctype.employee.employee_reminders.send_work_anniversary_reminders for dcode.com
2022-10-19 14:48:00,492 INFO scheduler Scheduled Job Complete: erpnext.hr.doctype.employee.employee_reminders.send_work_anniversary_reminders for dcode.com
2022-10-19 14:48:00,546 INFO scheduler Scheduled Job Start: erpnext.accounts.doctype.fiscal_year.fiscal_year.auto_create_fiscal_year for dcode.com
2022-10-19 14:48:00,670 INFO scheduler Scheduled Job Complete: erpnext.accounts.doctype.fiscal_year.fiscal_year.auto_create_fiscal_year for dcode.com
2022-10-19 14:48:00,714 INFO scheduler Scheduled Job Start: erpnext.controllers.accounts_controller.update_invoice_status for dcode.com
2022-10-19 14:48:00,721 INFO scheduler Scheduled Job Complete: frappe.utils.change_log.check_for_update for dcode.com
2022-10-19 14:48:00,769 INFO scheduler Scheduled Job Start: frappe.integrations.doctype.dropbox_settings.dropbox_settings.take_backups_daily for dcode.com
2022-10-19 14:48:00,896 INFO scheduler Scheduled Job Complete: erpnext.controllers.accounts_controller.update_invoice_status for dcode.com
2022-10-19 14:48:00,944 INFO scheduler Scheduled Job Start: erpnext.crm.doctype.opportunity.opportunity.auto_close_opportunity for dcode.com
2022-10-19 14:48:00,998 INFO scheduler Scheduled Job Complete: frappe.integrations.doctype.dropbox_settings.dropbox_settings.take_backups_daily for dcode.com
2022-10-19 14:48:01,084 INFO scheduler Scheduled Job Complete: erpnext.crm.doctype.opportunity.opportunity.auto_close_opportunity for dcode.com
2022-10-19 14:48:01,131 INFO scheduler Scheduled Job Start: erpnext.support.doctype.issue.issue.auto_close_tickets for dcode.com
2022-10-19 14:48:01,264 INFO scheduler Scheduled Job Complete: erpnext.support.doctype.issue.issue.auto_close_tickets for dcode.com
2022-10-19 14:48:01,308 INFO scheduler Scheduled Job Start: erpnext.erpnext_integrations.connectors.shopify_connection.sync_old_orders for dcode.com
2022-10-19 14:48:01,555 INFO scheduler Scheduled Job Complete: erpnext.erpnext_integrations.connectors.shopify_connection.sync_old_orders for dcode.com
2022-10-19 14:48:01,602 INFO scheduler Scheduled Job Start: erpnext.support.doctype.issue.issue.set_service_level_agreement_variance for dcode.com
2022-10-19 14:48:01,764 INFO scheduler Scheduled Job Complete: erpnext.support.doctype.issue.issue.set_service_level_agreement_variance for dcode.com
2022-10-19 14:48:01,813 INFO scheduler Scheduled Job Start: erpnext.projects.doctype.project.project.collect_project_status for dcode.com
2022-10-19 14:48:01,982 INFO scheduler Scheduled Job Complete: erpnext.projects.doctype.project.project.collect_project_status for dcode.com
2022-10-19 14:48:02,032 INFO scheduler Scheduled Job Start: erpnext.projects.doctype.project.project.hourly_reminder for dcode.com
2022-10-19 14:48:02,231 INFO scheduler Scheduled Job Complete: erpnext.projects.doctype.project.project.hourly_reminder for dcode.com
2022-10-19 14:48:02,283 INFO scheduler Scheduled Job Start: erpnext.erpnext_integrations.doctype.plaid_settings.plaid_settings.automatic_synchronization for dcode.com
2022-10-19 14:48:02,520 INFO scheduler Scheduled Job Complete: erpnext.erpnext_integrations.doctype.plaid_settings.plaid_settings.automatic_synchronization for dcode.com
2022-10-19 14:48:02,571 INFO scheduler Scheduled Job Start: erpnext.erpnext_integrations.doctype.amazon_mws_settings.amazon_mws_settings.schedule_get_order_details for dcode.com
2022-10-19 14:48:02,748 INFO scheduler Scheduled Job Complete: erpnext.erpnext_integrations.doctype.amazon_mws_settings.amazon_mws_settings.schedule_get_order_details for dcode.com
2022-10-19 14:48:02,803 INFO scheduler Scheduled Job Start: erpnext.hr.doctype.daily_work_summary_group.daily_work_summary_group.trigger_emails for dcode.com
2022-10-19 14:48:02,984 INFO scheduler Scheduled Job Complete: erpnext.hr.doctype.daily_work_summary_group.daily_work_summary_group.trigger_emails for dcode.com
2022-10-19 14:48:03,048 INFO scheduler Scheduled Job Start: erpnext.crm.doctype.social_media_post.social_media_post.process_scheduled_social_media_posts for dcode.com
2022-10-19 14:48:03,193 INFO scheduler Scheduled Job Complete: erpnext.crm.doctype.social_media_post.social_media_post.process_scheduled_social_media_posts for dcode.com
2022-10-19 14:48:03,237 INFO scheduler Scheduled Job Start: erpnext.hr.doctype.interview.interview.send_interview_reminder for dcode.com
2022-10-19 14:48:03,361 INFO scheduler Scheduled Job Complete: erpnext.hr.doctype.interview.interview.send_interview_reminder for dcode.com
2022-10-19 14:48:03,406 INFO scheduler Scheduled Job Start: erpnext.healthcare.doctype.patient_appointment.patient_appointment.send_appointment_reminder for dcode.com
2022-10-19 14:48:03,603 INFO scheduler Scheduled Job Complete: erpnext.healthcare.doctype.patient_appointment.patient_appointment.send_appointment_reminder for dcode.com
2022-10-19 14:48:03,652 INFO scheduler Scheduled Job Start: erpnext.projects.doctype.project.project.project_status_update_reminder for dcode.com
2022-10-19 14:48:03,810 INFO scheduler Scheduled Job Complete: erpnext.projects.doctype.project.project.project_status_update_reminder for dcode.com
2022-10-19 14:48:03,854 INFO scheduler Scheduled Job Start: erpnext.stock.reorder_item.reorder_item for dcode.com
2022-10-19 14:48:04,010 INFO scheduler Scheduled Job Complete: erpnext.stock.reorder_item.reorder_item for dcode.com
2022-10-19 14:48:04,057 INFO scheduler Scheduled Job Start: erpnext.accounts.doctype.gl_entry.gl_entry.rename_gle_sle_docs for dcode.com
2022-10-19 14:48:04,245 INFO scheduler Scheduled Job Complete: erpnext.accounts.doctype.gl_entry.gl_entry.rename_gle_sle_docs for dcode.com
2022-10-19 14:48:04,294 INFO scheduler Scheduled Job Start: erpnext.utilities.doctype.video.video.update_youtube_data for dcode.com
2022-10-19 14:48:04,532 INFO scheduler Scheduled Job Complete: erpnext.utilities.doctype.video.video.update_youtube_data for dcode.com
2022-10-19 14:48:04,580 INFO scheduler Scheduled Job Start: erpnext.manufacturing.doctype.bom_update_log.bom_update_log.resume_bom_cost_update_jobs for dcode.com
2022-10-19 14:48:04,734 INFO scheduler Scheduled Job Complete: erpnext.manufacturing.doctype.bom_update_log.bom_update_log.resume_bom_cost_update_jobs for dcode.com
2022-10-19 14:48:04,781 INFO scheduler Scheduled Job Start: frappe.core.doctype.log_settings.log_settings.run_log_clean_up for dcode.com
2022-10-19 14:48:04,940 INFO scheduler Scheduled Job Complete: frappe.core.doctype.log_settings.log_settings.run_log_clean_up for dcode.com
2022-10-19 14:48:04,987 INFO scheduler Scheduled Job Start: frappe.core.doctype.prepared_report.prepared_report.delete_expired_prepared_reports for dcode.com
2022-10-19 14:48:05,144 INFO scheduler Scheduled Job Complete: frappe.core.doctype.prepared_report.prepared_report.delete_expired_prepared_reports for dcode.com
2022-10-19 14:48:05,189 INFO scheduler Scheduled Job Start: frappe.email.doctype.unhandled_email.unhandled_email.remove_old_unhandled_emails for dcode.com
2022-10-19 14:48:05,319 INFO scheduler Scheduled Job Complete: frappe.email.doctype.unhandled_email.unhandled_email.remove_old_unhandled_emails for dcode.com
2022-10-19 14:48:05,367 INFO scheduler Scheduled Job Start: frappe.automation.doctype.auto_repeat.auto_repeat.set_auto_repeat_as_completed for dcode.com
2022-10-19 14:48:05,529 INFO scheduler Scheduled Job Complete: frappe.automation.doctype.auto_repeat.auto_repeat.set_auto_repeat_as_completed for dcode.com
2022-10-19 14:48:05,578 INFO scheduler Scheduled Job Start: frappe.automation.doctype.auto_repeat.auto_repeat.make_auto_repeat_entry for dcode.com
2022-10-19 14:48:05,746 INFO scheduler Scheduled Job Complete: frappe.automation.doctype.auto_repeat.auto_repeat.make_auto_repeat_entry for dcode.com
2022-10-19 14:48:05,799 INFO scheduler Scheduled Job Start: frappe.integrations.doctype.google_contacts.google_contacts.sync for dcode.com
2022-10-19 14:48:06,067 INFO scheduler Scheduled Job Complete: frappe.integrations.doctype.google_contacts.google_contacts.sync for dcode.com
2022-10-19 14:48:06,113 INFO scheduler Scheduled Job Start: frappe.social.doctype.energy_point_settings.energy_point_settings.allocate_review_points for dcode.com
2022-10-19 14:48:06,296 INFO scheduler Scheduled Job Complete: frappe.social.doctype.energy_point_settings.energy_point_settings.allocate_review_points for dcode.com
2022-10-19 14:48:06,359 INFO scheduler Scheduled Job Start: frappe.desk.form.document_follow.send_daily_updates for dcode.com
2022-10-19 14:48:06,494 INFO scheduler Scheduled Job Complete: frappe.desk.form.document_follow.send_daily_updates for dcode.com
2022-10-19 14:48:06,555 INFO scheduler Scheduled Job Start: frappe.website.doctype.personal_data_deletion_request.personal_data_deletion_request.remove_unverified_record for dcode.com
2022-10-19 14:48:06,685 INFO scheduler Scheduled Job Complete: frappe.website.doctype.personal_data_deletion_request.personal_data_deletion_request.remove_unverified_record for dcode.com
2022-10-19 14:48:06,736 INFO scheduler Scheduled Job Start: frappe.utils.scheduler.restrict_scheduler_events_if_dormant for dcode.com
2022-10-19 14:48:06,882 INFO scheduler Scheduled Job Failed: frappe.utils.scheduler.restrict_scheduler_events_if_dormant for dcode.com
2022-10-19 14:48:06,937 INFO scheduler Scheduled Job Start: frappe.email.doctype.notification.notification.trigger_daily_alerts for dcode.com
2022-10-19 14:48:07,130 INFO scheduler Scheduled Job Complete: frappe.email.doctype.notification.notification.trigger_daily_alerts for dcode.com
2022-10-19 14:48:07,178 INFO scheduler Scheduled Job Start: frappe.sessions.clear_expired_sessions for dcode.com
2022-10-19 14:48:07,372 INFO scheduler Scheduled Job Complete: frappe.sessions.clear_expired_sessions for dcode.com
2022-10-19 14:48:07,455 INFO scheduler Scheduled Job Start: frappe.desk.doctype.event.event.send_event_digest for dcode.com
2022-10-19 14:48:07,611 INFO scheduler Scheduled Job Complete: frappe.desk.doctype.event.event.send_event_digest for dcode.com
2022-10-19 14:48:07,661 INFO scheduler Scheduled Job Start: frappe.core.doctype.error_log.error_log.set_old_logs_as_seen for dcode.com
2022-10-19 14:48:07,794 INFO scheduler Scheduled Job Complete: frappe.core.doctype.error_log.error_log.set_old_logs_as_seen for dcode.com
2022-10-19 14:48:07,847 INFO scheduler Scheduled Job Start: frappe.desk.notifications.clear_notifications for dcode.com
2022-10-19 14:48:07,989 INFO scheduler Scheduled Job Complete: frappe.desk.notifications.clear_notifications for dcode.com
2022-10-19 14:48:08,036 INFO scheduler Scheduled Job Start: frappe.email.queue.set_expiry_for_email_queue for dcode.com
2022-10-19 14:48:08,174 INFO scheduler Scheduled Job Complete: frappe.email.queue.set_expiry_for_email_queue for dcode.com
2022-10-19 14:48:08,238 INFO scheduler Scheduled Job Start: frappe.email.doctype.newsletter.newsletter.send_scheduled_email for dcode.com
2022-10-19 14:48:08,424 INFO scheduler Scheduled Job Complete: frappe.email.doctype.newsletter.newsletter.send_scheduled_email for dcode.com
2022-10-19 14:48:08,470 INFO scheduler Scheduled Job Start: frappe.integrations.doctype.google_calendar.google_calendar.sync for dcode.com
2022-10-19 14:48:08,720 INFO scheduler Scheduled Job Complete: frappe.integrations.doctype.google_calendar.google_calendar.sync for dcode.com
2022-10-19 14:48:08,764 INFO scheduler Scheduled Job Start: frappe.desk.form.document_follow.send_hourly_updates for dcode.com
2022-10-19 14:48:08,898 INFO scheduler Scheduled Job Complete: frappe.desk.form.document_follow.send_hourly_updates for dcode.com
2022-10-19 14:48:08,944 INFO scheduler Scheduled Job Start: frappe.deferred_insert.save_to_db for dcode.com
2022-10-19 14:48:09,073 INFO scheduler Scheduled Job Complete: frappe.deferred_insert.save_to_db for dcode.com
2022-10-19 14:48:09,126 INFO scheduler Scheduled Job Start: frappe.desk.page.backups.backups.delete_downloadable_backups for dcode.com
2022-10-19 14:48:09,266 INFO scheduler Scheduled Job Complete: frappe.desk.page.backups.backups.delete_downloadable_backups for dcode.com
2022-10-19 14:48:09,314 INFO scheduler Scheduled Job Start: frappe.utils.error.collect_error_snapshots for dcode.com
2022-10-19 14:48:09,498 INFO scheduler Scheduled Job Complete: frappe.utils.error.collect_error_snapshots for dcode.com
2022-10-19 14:48:09,546 INFO scheduler Scheduled Job Start: frappe.model.utils.user_settings.sync_user_settings for dcode.com
2022-10-19 14:48:09,681 INFO scheduler Scheduled Job Complete: frappe.model.utils.user_settings.sync_user_settings for dcode.com
2022-10-19 14:48:09,729 INFO scheduler Scheduled Job Start: frappe.model.utils.link_count.update_link_count for dcode.com
2022-10-19 14:48:09,851 INFO scheduler Scheduled Job Complete: frappe.model.utils.link_count.update_link_count for dcode.com
2022-10-19 14:48:09,900 INFO scheduler Scheduled Job Start: frappe.monitor.flush for dcode.com
2022-10-19 14:48:09,996 INFO scheduler Scheduled Job Complete: frappe.monitor.flush for dcode.com
2022-10-19 14:48:10,036 INFO scheduler Scheduled Job Start: frappe.utils.global_search.sync_global_search for dcode.com
2022-10-19 14:48:10,131 INFO scheduler Scheduled Job Complete: frappe.utils.global_search.sync_global_search for dcode.com
2022-10-19 14:48:10,170 INFO scheduler Scheduled Job Start: frappe.integrations.doctype.razorpay_settings.razorpay_settings.capture_payment for dcode.com
2022-10-19 14:48:10,364 INFO scheduler Scheduled Job Complete: frappe.integrations.doctype.razorpay_settings.razorpay_settings.capture_payment for dcode.com
2022-10-19 14:48:10,408 INFO scheduler Scheduled Job Start: frappe.email.doctype.email_account.email_account.notify_unreplied for dcode.com
2022-10-19 14:48:10,581 INFO scheduler Scheduled Job Complete: frappe.email.doctype.email_account.email_account.notify_unreplied for dcode.com
2022-10-19 14:48:10,622 INFO scheduler Scheduled Job Start: frappe.email.doctype.email_account.email_account.pull for dcode.com
2022-10-19 14:48:10,749 INFO scheduler Scheduled Job Complete: frappe.email.doctype.email_account.email_account.pull for dcode.com
2022-10-19 14:48:10,788 INFO scheduler Scheduled Job Start: frappe.email.queue.flush for dcode.com
2022-10-19 14:48:10,896 INFO scheduler Scheduled Job Complete: frappe.email.queue.flush for dcode.com
2022-10-19 14:48:10,936 INFO scheduler Scheduled Job Start: frappe.twofactor.delete_all_barcodes_for_users for dcode.com
2022-10-19 14:48:11,067 INFO scheduler Scheduled Job Complete: frappe.twofactor.delete_all_barcodes_for_users for dcode.com
2022-10-19 14:48:11,111 INFO scheduler Scheduled Job Start: frappe.website.doctype.web_page.web_page.check_publish_status for dcode.com
2022-10-19 14:48:11,298 INFO scheduler Scheduled Job Complete: frappe.website.doctype.web_page.web_page.check_publish_status for dcode.com
2022-10-19 14:48:11,351 INFO scheduler Scheduled Job Start: frappe.oauth.delete_oauth2_data for dcode.com
2022-10-19 14:48:11,532 INFO scheduler Scheduled Job Complete: frappe.oauth.delete_oauth2_data for dcode.com
2022-10-19 14:48:56,154 DEBUG scheduler Queued events for site dcode.com
2022-10-19 14:49:56,296 DEBUG scheduler Queued events for site dcode.com
2022-10-19 14:50:56,447 DEBUG scheduler Queued events for site dcode.com
2022-10-19 14:50:56,456 INFO scheduler Scheduled Job Start: erpnext.manufacturing.doctype.bom_update_log.bom_update_log.resume_bom_cost_update_jobs for dcode.com
2022-10-19 14:50:56,593 INFO scheduler Scheduled Job Complete: erpnext.manufacturing.doctype.bom_update_log.bom_update_log.resume_bom_cost_update_jobs for dcode.com
2022-10-19 14:51:56,604 DEBUG scheduler Queued events for site dcode.com
2022-10-19 14:52:56,757 INFO scheduler Scheduled Job Start: erpnext.crm.doctype.social_media_post.social_media_post.process_scheduled_social_media_posts for dcode.com
2022-10-19 14:52:56,783 DEBUG scheduler Queued events for site dcode.com
2022-10-19 14:52:56,869 INFO scheduler Scheduled Job Complete: erpnext.crm.doctype.social_media_post.social_media_post.process_scheduled_social_media_posts for dcode.com
2022-10-19 14:52:56,908 INFO scheduler Scheduled Job Start: erpnext.hr.doctype.interview.interview.send_interview_reminder for dcode.com
2022-10-19 14:52:57,021 INFO scheduler Scheduled Job Complete: erpnext.hr.doctype.interview.interview.send_interview_reminder for dcode.com
2022-10-19 14:52:57,061 INFO scheduler Scheduled Job Start: erpnext.healthcare.doctype.patient_appointment.patient_appointment.send_appointment_reminder for dcode.com
2022-10-19 14:52:57,162 INFO scheduler Scheduled Job Complete: erpnext.healthcare.doctype.patient_appointment.patient_appointment.send_appointment_reminder for dcode.com
2022-10-19 14:52:57,203 INFO scheduler Scheduled Job Start: erpnext.projects.doctype.project.project.project_status_update_reminder for dcode.com
2022-10-19 14:52:57,350 INFO scheduler Scheduled Job Complete: erpnext.projects.doctype.project.project.project_status_update_reminder for dcode.com
2022-10-19 14:52:57,390 INFO scheduler Scheduled Job Start: frappe.monitor.flush for dcode.com
2022-10-19 14:52:57,487 INFO scheduler Scheduled Job Complete: frappe.monitor.flush for dcode.com
2022-10-19 14:52:57,527 INFO scheduler Scheduled Job Start: frappe.utils.global_search.sync_global_search for dcode.com
2022-10-19 14:52:57,620 INFO scheduler Scheduled Job Complete: frappe.utils.global_search.sync_global_search for dcode.com
2022-10-19 14:52:57,662 INFO scheduler Scheduled Job Start: frappe.integrations.doctype.razorpay_settings.razorpay_settings.capture_payment for dcode.com
2022-10-19 14:52:57,823 INFO scheduler Scheduled Job Complete: frappe.integrations.doctype.razorpay_settings.razorpay_settings.capture_payment for dcode.com
2022-10-19 14:52:57,864 INFO scheduler Scheduled Job Start: frappe.email.doctype.email_account.email_account.notify_unreplied for dcode.com
2022-10-19 14:52:57,991 INFO scheduler Scheduled Job Complete: frappe.email.doctype.email_account.email_account.notify_unreplied for dcode.com
2022-10-19 14:52:58,031 INFO scheduler Scheduled Job Start: frappe.email.doctype.email_account.email_account.pull for dcode.com
2022-10-19 14:52:58,157 INFO scheduler Scheduled Job Complete: frappe.email.doctype.email_account.email_account.pull for dcode.com
2022-10-19 14:52:58,197 INFO scheduler Scheduled Job Start: frappe.email.queue.flush for dcode.com
2022-10-19 14:52:58,298 INFO scheduler Scheduled Job Complete: frappe.email.queue.flush for dcode.com
2022-10-19 14:53:56,937 DEBUG scheduler Queued events for site dcode.com
2022-10-19 14:54:57,083 DEBUG scheduler Queued events for site dcode.com
2022-10-19 14:55:57,237 DEBUG scheduler Queued events for site dcode.com
2022-10-19 14:55:57,242 INFO scheduler Scheduled Job Start: erpnext.manufacturing.doctype.bom_update_log.bom_update_log.resume_bom_cost_update_jobs for dcode.com
2022-10-19 14:55:57,378 INFO scheduler Scheduled Job Complete: erpnext.manufacturing.doctype.bom_update_log.bom_update_log.resume_bom_cost_update_jobs for dcode.com
2022-10-19 14:56:57,425 INFO scheduler Scheduled Job Start: erpnext.crm.doctype.social_media_post.social_media_post.process_scheduled_social_media_posts for dcode.com
2022-10-19 14:56:57,456 DEBUG scheduler Queued events for site dcode.com
2022-10-19 14:56:57,534 INFO scheduler Scheduled Job Complete: erpnext.crm.doctype.social_media_post.social_media_post.process_scheduled_social_media_posts for dcode.com
2022-10-19 14:56:57,573 INFO scheduler Scheduled Job Start: erpnext.hr.doctype.interview.interview.send_interview_reminder for dcode.com
2022-10-19 14:56:57,682 INFO scheduler Scheduled Job Complete: erpnext.hr.doctype.interview.interview.send_interview_reminder for dcode.com
2022-10-19 14:56:57,721 INFO scheduler Scheduled Job Start: erpnext.healthcare.doctype.patient_appointment.patient_appointment.send_appointment_reminder for dcode.com
2022-10-19 14:56:57,819 INFO scheduler Scheduled Job Complete: erpnext.healthcare.doctype.patient_appointment.patient_appointment.send_appointment_reminder for dcode.com
2022-10-19 14:56:57,858 INFO scheduler Scheduled Job Start: erpnext.projects.doctype.project.project.project_status_update_reminder for dcode.com
2022-10-19 14:56:58,000 INFO scheduler Scheduled Job Complete: erpnext.projects.doctype.project.project.project_status_update_reminder for dcode.com
2022-10-19 14:56:58,039 INFO scheduler Scheduled Job Start: frappe.monitor.flush for dcode.com
2022-10-19 14:56:58,131 INFO scheduler Scheduled Job Complete: frappe.monitor.flush for dcode.com
2022-10-19 14:56:58,170 INFO scheduler Scheduled Job Start: frappe.utils.global_search.sync_global_search for dcode.com
2022-10-19 14:56:58,262 INFO scheduler Scheduled Job Complete: frappe.utils.global_search.sync_global_search for dcode.com
2022-10-19 14:56:58,302 INFO scheduler Scheduled Job Start: frappe.integrations.doctype.razorpay_settings.razorpay_settings.capture_payment for dcode.com
2022-10-19 14:56:58,456 INFO scheduler Scheduled Job Complete: frappe.integrations.doctype.razorpay_settings.razorpay_settings.capture_payment for dcode.com
2022-10-19 14:56:58,496 INFO scheduler Scheduled Job Start: frappe.email.doctype.email_account.email_account.notify_unreplied for dcode.com
2022-10-19 14:56:58,618 INFO scheduler Scheduled Job Complete: frappe.email.doctype.email_account.email_account.notify_unreplied for dcode.com
2022-10-19 14:56:58,657 INFO scheduler Scheduled Job Start: frappe.email.doctype.email_account.email_account.pull for dcode.com
2022-10-19 14:56:58,784 INFO scheduler Scheduled Job Complete: frappe.email.doctype.email_account.email_account.pull for dcode.com
2022-10-19 14:56:58,824 INFO scheduler Scheduled Job Start: frappe.email.queue.flush for dcode.com
2022-10-19 14:56:58,925 INFO scheduler Scheduled Job Complete: frappe.email.queue.flush for dcode.com
2022-10-19 14:57:57,620 DEBUG scheduler Queued events for site dcode.com
2022-10-19 14:58:57,774 DEBUG scheduler Queued events for site dcode.com
2022-10-19 14:59:57,928 DEBUG scheduler Queued events for site dcode.com
2022-10-19 15:00:58,107 INFO scheduler Scheduled Job Start: erpnext.hr.doctype.shift_type.shift_type.process_auto_attendance_for_all_shifts for dcode.com
2022-10-19 15:00:58,111 INFO scheduler Scheduled Job Start: erpnext.erpnext_integrations.connectors.shopify_connection.sync_old_orders for dcode.com
2022-10-19 15:00:58,260 DEBUG scheduler Queued events for site dcode.com
2022-10-19 15:00:58,318 INFO scheduler Scheduled Job Complete: erpnext.hr.doctype.shift_type.shift_type.process_auto_attendance_for_all_shifts for dcode.com
2022-10-19 15:00:58,367 INFO scheduler Scheduled Job Start: erpnext.stock.doctype.repost_item_valuation.repost_item_valuation.repost_entries for dcode.com
2022-10-19 15:00:58,377 INFO scheduler Scheduled Job Complete: erpnext.erpnext_integrations.connectors.shopify_connection.sync_old_orders for dcode.com
2022-10-19 15:00:58,426 INFO scheduler Scheduled Job Start: erpnext.support.doctype.issue.issue.set_service_level_agreement_variance for dcode.com
2022-10-19 15:00:58,504 INFO scheduler Scheduled Job Complete: erpnext.stock.doctype.repost_item_valuation.repost_item_valuation.repost_entries for dcode.com
2022-10-19 15:00:58,552 INFO scheduler Scheduled Job Start: erpnext.accounts.doctype.subscription.subscription.process_all for dcode.com
2022-10-19 15:00:58,573 INFO scheduler Scheduled Job Complete: erpnext.support.doctype.issue.issue.set_service_level_agreement_variance for dcode.com
2022-10-19 15:00:58,624 INFO scheduler Scheduled Job Start: erpnext.projects.doctype.project.project.collect_project_status for dcode.com
2022-10-19 15:00:58,712 INFO scheduler Scheduled Job Complete: erpnext.accounts.doctype.subscription.subscription.process_all for dcode.com
2022-10-19 15:00:58,799 INFO scheduler Scheduled Job Complete: erpnext.projects.doctype.project.project.collect_project_status for dcode.com
2022-10-19 15:00:58,844 INFO scheduler Scheduled Job Start: erpnext.projects.doctype.project.project.hourly_reminder for dcode.com
2022-10-19 15:00:59,011 INFO scheduler Scheduled Job Complete: erpnext.projects.doctype.project.project.hourly_reminder for dcode.com
2022-10-19 15:00:59,057 INFO scheduler Scheduled Job Start: erpnext.erpnext_integrations.doctype.plaid_settings.plaid_settings.automatic_synchronization for dcode.com
2022-10-19 15:00:59,249 INFO scheduler Scheduled Job Complete: erpnext.erpnext_integrations.doctype.plaid_settings.plaid_settings.automatic_synchronization for dcode.com
2022-10-19 15:00:59,295 INFO scheduler Scheduled Job Start: erpnext.erpnext_integrations.doctype.amazon_mws_settings.amazon_mws_settings.schedule_get_order_details for dcode.com
2022-10-19 15:00:59,419 INFO scheduler Scheduled Job Complete: erpnext.erpnext_integrations.doctype.amazon_mws_settings.amazon_mws_settings.schedule_get_order_details for dcode.com
2022-10-19 15:00:59,464 INFO scheduler Scheduled Job Start: erpnext.hr.doctype.daily_work_summary_group.daily_work_summary_group.trigger_emails for dcode.com
2022-10-19 15:00:59,589 INFO scheduler Scheduled Job Complete: erpnext.hr.doctype.daily_work_summary_group.daily_work_summary_group.trigger_emails for dcode.com
2022-10-19 15:00:59,637 INFO scheduler Scheduled Job Start: erpnext.crm.doctype.social_media_post.social_media_post.process_scheduled_social_media_posts for dcode.com
2022-10-19 15:00:59,749 INFO scheduler Scheduled Job Complete: erpnext.crm.doctype.social_media_post.social_media_post.process_scheduled_social_media_posts for dcode.com
2022-10-19 15:00:59,791 INFO scheduler Scheduled Job Start: erpnext.hr.doctype.interview.interview.send_interview_reminder for dcode.com
2022-10-19 15:00:59,907 INFO scheduler Scheduled Job Complete: erpnext.hr.doctype.interview.interview.send_interview_reminder for dcode.com
2022-10-19 15:00:59,948 INFO scheduler Scheduled Job Start: erpnext.healthcare.doctype.patient_appointment.patient_appointment.send_appointment_reminder for dcode.com
2022-10-19 15:01:00,055 INFO scheduler Scheduled Job Complete: erpnext.healthcare.doctype.patient_appointment.patient_appointment.send_appointment_reminder for dcode.com
2022-10-19 15:01:00,096 INFO scheduler Scheduled Job Start: erpnext.projects.doctype.project.project.project_status_update_reminder for dcode.com
2022-10-19 15:01:00,240 INFO scheduler Scheduled Job Complete: erpnext.projects.doctype.project.project.project_status_update_reminder for dcode.com
2022-10-19 15:01:00,283 INFO scheduler Scheduled Job Start: erpnext.utilities.doctype.video.video.update_youtube_data for dcode.com
2022-10-19 15:01:00,518 INFO scheduler Scheduled Job Failed: erpnext.utilities.doctype.video.video.update_youtube_data for dcode.com
2022-10-19 15:01:00,568 INFO scheduler Scheduled Job Start: erpnext.manufacturing.doctype.bom_update_log.bom_update_log.resume_bom_cost_update_jobs for dcode.com
2022-10-19 15:01:00,701 INFO scheduler Scheduled Job Complete: erpnext.manufacturing.doctype.bom_update_log.bom_update_log.resume_bom_cost_update_jobs for dcode.com
2022-10-19 15:01:00,747 INFO scheduler Scheduled Job Start: frappe.email.doctype.newsletter.newsletter.send_scheduled_email for dcode.com
2022-10-19 15:01:00,904 INFO scheduler Scheduled Job Complete: frappe.email.doctype.newsletter.newsletter.send_scheduled_email for dcode.com
2022-10-19 15:01:00,949 INFO scheduler Scheduled Job Start: frappe.integrations.doctype.google_calendar.google_calendar.sync for dcode.com
2022-10-19 15:01:01,183 INFO scheduler Scheduled Job Complete: frappe.integrations.doctype.google_calendar.google_calendar.sync for dcode.com
2022-10-19 15:01:01,236 INFO scheduler Scheduled Job Start: frappe.desk.form.document_follow.send_hourly_updates for dcode.com
2022-10-19 15:01:01,368 INFO scheduler Scheduled Job Complete: frappe.desk.form.document_follow.send_hourly_updates for dcode.com
2022-10-19 15:01:01,412 INFO scheduler Scheduled Job Start: frappe.deferred_insert.save_to_db for dcode.com
2022-10-19 15:01:01,591 INFO scheduler Scheduled Job Complete: frappe.deferred_insert.save_to_db for dcode.com
2022-10-19 15:01:01,637 INFO scheduler Scheduled Job Start: frappe.desk.page.backups.backups.delete_downloadable_backups for dcode.com
2022-10-19 15:01:01,758 INFO scheduler Scheduled Job Complete: frappe.desk.page.backups.backups.delete_downloadable_backups for dcode.com
2022-10-19 15:01:01,802 INFO scheduler Scheduled Job Start: frappe.utils.error.collect_error_snapshots for dcode.com
2022-10-19 15:01:01,967 INFO scheduler Scheduled Job Complete: frappe.utils.error.collect_error_snapshots for dcode.com
2022-10-19 15:01:02,012 INFO scheduler Scheduled Job Start: frappe.model.utils.user_settings.sync_user_settings for dcode.com
2022-10-19 15:01:02,134 INFO scheduler Scheduled Job Complete: frappe.model.utils.user_settings.sync_user_settings for dcode.com
2022-10-19 15:01:02,178 INFO scheduler Scheduled Job Start: frappe.model.utils.link_count.update_link_count for dcode.com
2022-10-19 15:01:02,297 INFO scheduler Scheduled Job Complete: frappe.model.utils.link_count.update_link_count for dcode.com
2022-10-19 15:01:02,340 INFO scheduler Scheduled Job Start: frappe.monitor.flush for dcode.com
2022-10-19 15:01:02,437 INFO scheduler Scheduled Job Complete: frappe.monitor.flush for dcode.com
2022-10-19 15:01:02,479 INFO scheduler Scheduled Job Start: frappe.utils.global_search.sync_global_search for dcode.com
2022-10-19 15:01:02,574 INFO scheduler Scheduled Job Complete: frappe.utils.global_search.sync_global_search for dcode.com
2022-10-19 15:01:02,615 INFO scheduler Scheduled Job Start: frappe.integrations.doctype.razorpay_settings.razorpay_settings.capture_payment for dcode.com
2022-10-19 15:01:02,775 INFO scheduler Scheduled Job Complete: frappe.integrations.doctype.razorpay_settings.razorpay_settings.capture_payment for dcode.com
2022-10-19 15:01:02,815 INFO scheduler Scheduled Job Start: frappe.email.doctype.email_account.email_account.notify_unreplied for dcode.com
2022-10-19 15:01:02,939 INFO scheduler Scheduled Job Complete: frappe.email.doctype.email_account.email_account.notify_unreplied for dcode.com
2022-10-19 15:01:02,981 INFO scheduler Scheduled Job Start: frappe.email.doctype.email_account.email_account.pull for dcode.com
2022-10-19 15:01:03,110 INFO scheduler Scheduled Job Complete: frappe.email.doctype.email_account.email_account.pull for dcode.com
2022-10-19 15:01:03,150 INFO scheduler Scheduled Job Start: frappe.email.queue.flush for dcode.com
2022-10-19 15:01:03,255 INFO scheduler Scheduled Job Complete: frappe.email.queue.flush for dcode.com
2022-10-19 15:01:03,297 INFO scheduler Scheduled Job Start: frappe.twofactor.delete_all_barcodes_for_users for dcode.com
2022-10-19 15:01:03,431 INFO scheduler Scheduled Job Complete: frappe.twofactor.delete_all_barcodes_for_users for dcode.com
2022-10-19 15:01:03,475 INFO scheduler Scheduled Job Start: frappe.website.doctype.web_page.web_page.check_publish_status for dcode.com
2022-10-19 15:01:03,634 INFO scheduler Scheduled Job Complete: frappe.website.doctype.web_page.web_page.check_publish_status for dcode.com
2022-10-19 15:01:03,678 INFO scheduler Scheduled Job Start: frappe.oauth.delete_oauth2_data for dcode.com
2022-10-19 15:01:03,821 INFO scheduler Scheduled Job Complete: frappe.oauth.delete_oauth2_data for dcode.com
2022-10-19 15:01:58,416 DEBUG scheduler Queued events for site dcode.com
2022-10-19 15:02:58,562 DEBUG scheduler Queued events for site dcode.com
2022-10-19 15:03:58,712 DEBUG scheduler Queued events for site dcode.com
2022-10-19 15:04:58,880 INFO scheduler Scheduled Job Start: erpnext.crm.doctype.social_media_post.social_media_post.process_scheduled_social_media_posts for dcode.com
2022-10-19 15:04:58,892 DEBUG scheduler Queued events for site dcode.com
2022-10-19 15:04:59,032 INFO scheduler Scheduled Job Complete: erpnext.crm.doctype.social_media_post.social_media_post.process_scheduled_social_media_posts for dcode.com
2022-10-19 15:04:59,071 INFO scheduler Scheduled Job Start: erpnext.hr.doctype.interview.interview.send_interview_reminder for dcode.com
2022-10-19 15:04:59,196 INFO scheduler Scheduled Job Complete: erpnext.hr.doctype.interview.interview.send_interview_reminder for dcode.com
2022-10-19 15:04:59,237 INFO scheduler Scheduled Job Start: erpnext.healthcare.doctype.patient_appointment.patient_appointment.send_appointment_reminder for dcode.com
2022-10-19 15:04:59,337 INFO scheduler Scheduled Job Complete: erpnext.healthcare.doctype.patient_appointment.patient_appointment.send_appointment_reminder for dcode.com
2022-10-19 15:04:59,376 INFO scheduler Scheduled Job Start: erpnext.projects.doctype.project.project.project_status_update_reminder for dcode.com
2022-10-19 15:04:59,534 INFO scheduler Scheduled Job Complete: erpnext.projects.doctype.project.project.project_status_update_reminder for dcode.com
2022-10-19 15:04:59,574 INFO scheduler Scheduled Job Start: frappe.monitor.flush for dcode.com
2022-10-19 15:04:59,666 INFO scheduler Scheduled Job Complete: frappe.monitor.flush for dcode.com
2022-10-19 15:04:59,705 INFO scheduler Scheduled Job Start: frappe.utils.global_search.sync_global_search for dcode.com
2022-10-19 15:04:59,800 INFO scheduler Scheduled Job Complete: frappe.utils.global_search.sync_global_search for dcode.com
2022-10-19 15:04:59,841 INFO scheduler Scheduled Job Start: frappe.integrations.doctype.razorpay_settings.razorpay_settings.capture_payment for dcode.com
2022-10-19 15:04:59,993 INFO scheduler Scheduled Job Complete: frappe.integrations.doctype.razorpay_settings.razorpay_settings.capture_payment for dcode.com
2022-10-19 15:05:00,034 INFO scheduler Scheduled Job Start: frappe.email.doctype.email_account.email_account.notify_unreplied for dcode.com
2022-10-19 15:05:00,152 INFO scheduler Scheduled Job Complete: frappe.email.doctype.email_account.email_account.notify_unreplied for dcode.com
2022-10-19 15:05:00,190 INFO scheduler Scheduled Job Start: frappe.email.doctype.email_account.email_account.pull for dcode.com
2022-10-19 15:05:00,313 INFO scheduler Scheduled Job Complete: frappe.email.doctype.email_account.email_account.pull for dcode.com
2022-10-19 15:05:00,351 INFO scheduler Scheduled Job Start: frappe.email.queue.flush for dcode.com
2022-10-19 15:05:00,450 INFO scheduler Scheduled Job Complete: frappe.email.queue.flush for dcode.com
2022-10-19 15:05:59,062 DEBUG scheduler Queued events for site dcode.com
2022-10-19 15:05:59,069 INFO scheduler Scheduled Job Start: erpnext.manufacturing.doctype.bom_update_log.bom_update_log.resume_bom_cost_update_jobs for dcode.com
2022-10-19 15:05:59,211 INFO scheduler Scheduled Job Complete: erpnext.manufacturing.doctype.bom_update_log.bom_update_log.resume_bom_cost_update_jobs for dcode.com
2022-10-19 15:06:59,227 DEBUG scheduler Queued events for site dcode.com
2022-10-19 15:07:59,373 DEBUG scheduler Queued events for site dcode.com
2022-10-19 15:08:59,527 INFO scheduler Scheduled Job Start: erpnext.crm.doctype.social_media_post.social_media_post.process_scheduled_social_media_posts for dcode.com
2022-10-19 15:08:59,549 DEBUG scheduler Queued events for site dcode.com
2022-10-19 15:08:59,662 INFO scheduler Scheduled Job Complete: erpnext.crm.doctype.social_media_post.social_media_post.process_scheduled_social_media_posts for dcode.com
2022-10-19 15:08:59,703 INFO scheduler Scheduled Job Start: erpnext.hr.doctype.interview.interview.send_interview_reminder for dcode.com
2022-10-19 15:08:59,814 INFO scheduler Scheduled Job Complete: erpnext.hr.doctype.interview.interview.send_interview_reminder for dcode.com
2022-10-19 15:08:59,854 INFO scheduler Scheduled Job Start: erpnext.healthcare.doctype.patient_appointment.patient_appointment.send_appointment_reminder for dcode.com
2022-10-19 15:08:59,951 INFO scheduler Scheduled Job Complete: erpnext.healthcare.doctype.patient_appointment.patient_appointment.send_appointment_reminder for dcode.com
2022-10-19 15:08:59,989 INFO scheduler Scheduled Job Start: erpnext.projects.doctype.project.project.project_status_update_reminder for dcode.com
2022-10-19 15:09:00,139 INFO scheduler Scheduled Job Complete: erpnext.projects.doctype.project.project.project_status_update_reminder for dcode.com
2022-10-19 15:09:00,178 INFO scheduler Scheduled Job Start: frappe.monitor.flush for dcode.com
2022-10-19 15:09:00,270 INFO scheduler Scheduled Job Complete: frappe.monitor.flush for dcode.com
2022-10-19 15:09:00,308 INFO scheduler Scheduled Job Start: frappe.utils.global_search.sync_global_search for dcode.com
2022-10-19 15:09:00,399 INFO scheduler Scheduled Job Complete: frappe.utils.global_search.sync_global_search for dcode.com
2022-10-19 15:09:00,438 INFO scheduler Scheduled Job Start: frappe.integrations.doctype.razorpay_settings.razorpay_settings.capture_payment for dcode.com
2022-10-19 15:09:00,589 INFO scheduler Scheduled Job Complete: frappe.integrations.doctype.razorpay_settings.razorpay_settings.capture_payment for dcode.com
2022-10-19 15:09:00,628 INFO scheduler Scheduled Job Start: frappe.email.doctype.email_account.email_account.notify_unreplied for dcode.com
2022-10-19 15:09:00,749 INFO scheduler Scheduled Job Complete: frappe.email.doctype.email_account.email_account.notify_unreplied for dcode.com
2022-10-19 15:09:00,788 INFO scheduler Scheduled Job Start: frappe.email.doctype.email_account.email_account.pull for dcode.com
2022-10-19 15:09:00,913 INFO scheduler Scheduled Job Complete: frappe.email.doctype.email_account.email_account.pull for dcode.com
2022-10-19 15:09:00,951 INFO scheduler Scheduled Job Start: frappe.email.queue.flush for dcode.com
2022-10-19 15:09:01,051 INFO scheduler Scheduled Job Complete: frappe.email.queue.flush for dcode.com
2022-10-19 15:09:59,737 DEBUG scheduler Queued events for site dcode.com
2022-10-19 15:10:59,887 DEBUG scheduler Queued events for site dcode.com
2022-10-19 15:10:59,895 INFO scheduler Scheduled Job Start: erpnext.manufacturing.doctype.bom_update_log.bom_update_log.resume_bom_cost_update_jobs for dcode.com
2022-10-19 15:11:00,024 INFO scheduler Scheduled Job Complete: erpnext.manufacturing.doctype.bom_update_log.bom_update_log.resume_bom_cost_update_jobs for dcode.com
2022-10-19 15:12:00,041 INFO scheduler Scheduled Job Start: erpnext.crm.doctype.social_media_post.social_media_post.process_scheduled_social_media_posts for dcode.com
2022-10-19 15:12:00,075 DEBUG scheduler Queued events for site dcode.com
2022-10-19 15:12:00,156 INFO scheduler Scheduled Job Complete: erpnext.crm.doctype.social_media_post.social_media_post.process_scheduled_social_media_posts for dcode.com
2022-10-19 15:12:00,196 INFO scheduler Scheduled Job Start: erpnext.hr.doctype.interview.interview.send_interview_reminder for dcode.com
2022-10-19 15:12:00,305 INFO scheduler Scheduled Job Complete: erpnext.hr.doctype.interview.interview.send_interview_reminder for dcode.com
2022-10-19 15:12:00,343 INFO scheduler Scheduled Job Start: erpnext.healthcare.doctype.patient_appointment.patient_appointment.send_appointment_reminder for dcode.com
2022-10-19 15:12:00,441 INFO scheduler Scheduled Job Complete: erpnext.healthcare.doctype.patient_appointment.patient_appointment.send_appointment_reminder for dcode.com
2022-10-19 15:12:00,479 INFO scheduler Scheduled Job Start: erpnext.projects.doctype.project.project.project_status_update_reminder for dcode.com
2022-10-19 15:12:00,620 INFO scheduler Scheduled Job Complete: erpnext.projects.doctype.project.project.project_status_update_reminder for dcode.com
2022-10-19 15:12:00,658 INFO scheduler Scheduled Job Start: frappe.monitor.flush for dcode.com
2022-10-19 15:12:00,751 INFO scheduler Scheduled Job Complete: frappe.monitor.flush for dcode.com
2022-10-19 15:12:00,789 INFO scheduler Scheduled Job Start: frappe.utils.global_search.sync_global_search for dcode.com
2022-10-19 15:12:00,882 INFO scheduler Scheduled Job Complete: frappe.utils.global_search.sync_global_search for dcode.com
2022-10-19 15:12:00,921 INFO scheduler Scheduled Job Start: frappe.integrations.doctype.razorpay_settings.razorpay_settings.capture_payment for dcode.com
2022-10-19 15:12:01,071 INFO scheduler Scheduled Job Complete: frappe.integrations.doctype.razorpay_settings.razorpay_settings.capture_payment for dcode.com
2022-10-19 15:12:01,111 INFO scheduler Scheduled Job Start: frappe.email.doctype.email_account.email_account.notify_unreplied for dcode.com
2022-10-19 15:12:01,230 INFO scheduler Scheduled Job Complete: frappe.email.doctype.email_account.email_account.notify_unreplied for dcode.com
2022-10-19 15:12:01,270 INFO scheduler Scheduled Job Start: frappe.email.doctype.email_account.email_account.pull for dcode.com
2022-10-19 15:12:01,393 INFO scheduler Scheduled Job Complete: frappe.email.doctype.email_account.email_account.pull for dcode.com
2022-10-19 15:12:01,432 INFO scheduler Scheduled Job Start: frappe.email.queue.flush for dcode.com
2022-10-19 15:12:01,531 INFO scheduler Scheduled Job Complete: frappe.email.queue.flush for dcode.com
2022-10-19 15:13:00,231 DEBUG scheduler Queued events for site dcode.com
2022-10-19 15:14:00,387 DEBUG scheduler Queued events for site dcode.com
2022-10-19 15:15:00,547 DEBUG scheduler Queued events for site dcode.com
2022-10-19 15:15:00,549 INFO scheduler Scheduled Job Start: erpnext.manufacturing.doctype.bom_update_log.bom_update_log.resume_bom_cost_update_jobs for dcode.com
2022-10-19 15:15:00,677 INFO scheduler Scheduled Job Complete: erpnext.manufacturing.doctype.bom_update_log.bom_update_log.resume_bom_cost_update_jobs for dcode.com
2022-10-19 15:15:00,720 INFO scheduler Scheduled Job Start: frappe.twofactor.delete_all_barcodes_for_users for dcode.com
2022-10-19 15:15:00,849 INFO scheduler Scheduled Job Complete: frappe.twofactor.delete_all_barcodes_for_users for dcode.com
2022-10-19 15:15:00,892 INFO scheduler Scheduled Job Start: frappe.website.doctype.web_page.web_page.check_publish_status for dcode.com
2022-10-19 15:15:01,057 INFO scheduler Scheduled Job Complete: frappe.website.doctype.web_page.web_page.check_publish_status for dcode.com
2022-10-19 15:15:01,102 INFO scheduler Scheduled Job Start: frappe.oauth.delete_oauth2_data for dcode.com
2022-10-19 15:15:01,237 INFO scheduler Scheduled Job Complete: frappe.oauth.delete_oauth2_data for dcode.com
2022-10-19 15:16:00,700 INFO scheduler Scheduled Job Start: erpnext.crm.doctype.social_media_post.social_media_post.process_scheduled_social_media_posts for dcode.com
2022-10-19 15:16:00,734 DEBUG scheduler Queued events for site dcode.com
2022-10-19 15:16:00,818 INFO scheduler Scheduled Job Complete: erpnext.crm.doctype.social_media_post.social_media_post.process_scheduled_social_media_posts for dcode.com
2022-10-19 15:16:00,856 INFO scheduler Scheduled Job Start: erpnext.hr.doctype.interview.interview.send_interview_reminder for dcode.com
2022-10-19 15:16:00,966 INFO scheduler Scheduled Job Complete: erpnext.hr.doctype.interview.interview.send_interview_reminder for dcode.com
2022-10-19 15:16:01,006 INFO scheduler Scheduled Job Start: erpnext.healthcare.doctype.patient_appointment.patient_appointment.send_appointment_reminder for dcode.com
2022-10-19 15:16:01,105 INFO scheduler Scheduled Job Complete: erpnext.healthcare.doctype.patient_appointment.patient_appointment.send_appointment_reminder for dcode.com
2022-10-19 15:16:01,145 INFO scheduler Scheduled Job Start: erpnext.projects.doctype.project.project.project_status_update_reminder for dcode.com
2022-10-19 15:16:01,284 INFO scheduler Scheduled Job Complete: erpnext.projects.doctype.project.project.project_status_update_reminder for dcode.com
2022-10-19 15:16:01,325 INFO scheduler Scheduled Job Start: frappe.monitor.flush for dcode.com
2022-10-19 15:16:01,417 INFO scheduler Scheduled Job Complete: frappe.monitor.flush for dcode.com
2022-10-19 15:16:01,457 INFO scheduler Scheduled Job Start: frappe.utils.global_search.sync_global_search for dcode.com
2022-10-19 15:16:01,549 INFO scheduler Scheduled Job Complete: frappe.utils.global_search.sync_global_search for dcode.com
2022-10-19 15:16:01,588 INFO scheduler Scheduled Job Start: frappe.integrations.doctype.razorpay_settings.razorpay_settings.capture_payment for dcode.com
2022-10-19 15:16:01,737 INFO scheduler Scheduled Job Complete: frappe.integrations.doctype.razorpay_settings.razorpay_settings.capture_payment for dcode.com
2022-10-19 15:16:01,776 INFO scheduler Scheduled Job Start: frappe.email.doctype.email_account.email_account.notify_unreplied for dcode.com
2022-10-19 15:16:01,894 INFO scheduler Scheduled Job Complete: frappe.email.doctype.email_account.email_account.notify_unreplied for dcode.com
2022-10-19 15:16:01,934 INFO scheduler Scheduled Job Start: frappe.email.doctype.email_account.email_account.pull for dcode.com
2022-10-19 15:16:02,059 INFO scheduler Scheduled Job Complete: frappe.email.doctype.email_account.email_account.pull for dcode.com
2022-10-19 15:16:02,099 INFO scheduler Scheduled Job Start: frappe.email.queue.flush for dcode.com
2022-10-19 15:16:02,199 INFO scheduler Scheduled Job Complete: frappe.email.queue.flush for dcode.com
2022-10-19 15:17:00,889 DEBUG scheduler Queued events for site dcode.com
2022-10-19 15:18:01,046 DEBUG scheduler Queued events for site dcode.com
2022-10-19 15:19:01,191 DEBUG scheduler Queued events for site dcode.com
2022-10-19 15:20:01,345 INFO scheduler Scheduled Job Start: erpnext.crm.doctype.social_media_post.social_media_post.process_scheduled_social_media_posts for dcode.com
2022-10-19 15:20:01,373 DEBUG scheduler Queued events for site dcode.com
2022-10-19 15:20:01,452 INFO scheduler Scheduled Job Complete: erpnext.crm.doctype.social_media_post.social_media_post.process_scheduled_social_media_posts for dcode.com
2022-10-19 15:20:01,492 INFO scheduler Scheduled Job Start: erpnext.hr.doctype.interview.interview.send_interview_reminder for dcode.com
2022-10-19 15:20:01,608 INFO scheduler Scheduled Job Complete: erpnext.hr.doctype.interview.interview.send_interview_reminder for dcode.com
2022-10-19 15:20:01,646 INFO scheduler Scheduled Job Start: erpnext.healthcare.doctype.patient_appointment.patient_appointment.send_appointment_reminder for dcode.com
2022-10-19 15:20:01,744 INFO scheduler Scheduled Job Complete: erpnext.healthcare.doctype.patient_appointment.patient_appointment.send_appointment_reminder for dcode.com
2022-10-19 15:20:01,785 INFO scheduler Scheduled Job Start: erpnext.projects.doctype.project.project.project_status_update_reminder for dcode.com
2022-10-19 15:20:01,926 INFO scheduler Scheduled Job Complete: erpnext.projects.doctype.project.project.project_status_update_reminder for dcode.com
2022-10-19 15:20:01,966 INFO scheduler Scheduled Job Start: erpnext.manufacturing.doctype.bom_update_log.bom_update_log.resume_bom_cost_update_jobs for dcode.com
2022-10-19 15:20:02,090 INFO scheduler Scheduled Job Complete: erpnext.manufacturing.doctype.bom_update_log.bom_update_log.resume_bom_cost_update_jobs for dcode.com
2022-10-19 15:20:02,132 INFO scheduler Scheduled Job Start: frappe.monitor.flush for dcode.com
2022-10-19 15:20:02,226 INFO scheduler Scheduled Job Complete: frappe.monitor.flush for dcode.com
2022-10-19 15:20:02,265 INFO scheduler Scheduled Job Start: frappe.utils.global_search.sync_global_search for dcode.com
2022-10-19 15:20:02,356 INFO scheduler Scheduled Job Complete: frappe.utils.global_search.sync_global_search for dcode.com
2022-10-19 15:20:02,395 INFO scheduler Scheduled Job Start: frappe.integrations.doctype.razorpay_settings.razorpay_settings.capture_payment for dcode.com
2022-10-19 15:20:02,546 INFO scheduler Scheduled Job Complete: frappe.integrations.doctype.razorpay_settings.razorpay_settings.capture_payment for dcode.com
2022-10-19 15:20:02,586 INFO scheduler Scheduled Job Start: frappe.email.doctype.email_account.email_account.notify_unreplied for dcode.com
2022-10-19 15:20:02,707 INFO scheduler Scheduled Job Complete: frappe.email.doctype.email_account.email_account.notify_unreplied for dcode.com
2022-10-19 15:20:02,747 INFO scheduler Scheduled Job Start: frappe.email.doctype.email_account.email_account.pull for dcode.com
2022-10-19 15:20:02,875 INFO scheduler Scheduled Job Complete: frappe.email.doctype.email_account.email_account.pull for dcode.com
2022-10-19 15:20:02,915 INFO scheduler Scheduled Job Start: frappe.email.queue.flush for dcode.com
2022-10-19 15:20:03,014 INFO scheduler Scheduled Job Complete: frappe.email.queue.flush for dcode.com
2022-10-19 15:21:01,527 DEBUG scheduler Queued events for site dcode.com
2022-10-19 15:22:01,672 DEBUG scheduler Queued events for site dcode.com
2022-10-19 15:23:01,819 DEBUG scheduler Queued events for site dcode.com
2022-10-19 15:24:01,965 INFO scheduler Scheduled Job Start: erpnext.crm.doctype.social_media_post.social_media_post.process_scheduled_social_media_posts for dcode.com
2022-10-19 15:24:01,993 DEBUG scheduler Queued events for site dcode.com
2022-10-19 15:24:02,072 INFO scheduler Scheduled Job Complete: erpnext.crm.doctype.social_media_post.social_media_post.process_scheduled_social_media_posts for dcode.com
2022-10-19 15:24:02,112 INFO scheduler Scheduled Job Start: erpnext.hr.doctype.interview.interview.send_interview_reminder for dcode.com
2022-10-19 15:24:02,219 INFO scheduler Scheduled Job Complete: erpnext.hr.doctype.interview.interview.send_interview_reminder for dcode.com
2022-10-19 15:24:02,257 INFO scheduler Scheduled Job Start: erpnext.healthcare.doctype.patient_appointment.patient_appointment.send_appointment_reminder for dcode.com
2022-10-19 15:24:02,354 INFO scheduler Scheduled Job Complete: erpnext.healthcare.doctype.patient_appointment.patient_appointment.send_appointment_reminder for dcode.com
2022-10-19 15:24:02,393 INFO scheduler Scheduled Job Start: erpnext.projects.doctype.project.project.project_status_update_reminder for dcode.com
2022-10-19 15:24:02,540 INFO scheduler Scheduled Job Complete: erpnext.projects.doctype.project.project.project_status_update_reminder for dcode.com
2022-10-19 15:24:02,580 INFO scheduler Scheduled Job Start: frappe.monitor.flush for dcode.com
2022-10-19 15:24:02,673 INFO scheduler Scheduled Job Complete: frappe.monitor.flush for dcode.com
2022-10-19 15:24:02,711 INFO scheduler Scheduled Job Start: frappe.utils.global_search.sync_global_search for dcode.com
2022-10-19 15:24:02,802 INFO scheduler Scheduled Job Complete: frappe.utils.global_search.sync_global_search for dcode.com
2022-10-19 15:24:02,842 INFO scheduler Scheduled Job Start: frappe.integrations.doctype.razorpay_settings.razorpay_settings.capture_payment for dcode.com
2022-10-19 15:24:02,995 INFO scheduler Scheduled Job Complete: frappe.integrations.doctype.razorpay_settings.razorpay_settings.capture_payment for dcode.com
2022-10-19 15:24:03,034 INFO scheduler Scheduled Job Start: frappe.email.doctype.email_account.email_account.notify_unreplied for dcode.com
2022-10-19 15:24:03,153 INFO scheduler Scheduled Job Complete: frappe.email.doctype.email_account.email_account.notify_unreplied for dcode.com
2022-10-19 15:24:03,193 INFO scheduler Scheduled Job Start: frappe.email.doctype.email_account.email_account.pull for dcode.com
2022-10-19 15:24:03,319 INFO scheduler Scheduled Job Complete: frappe.email.doctype.email_account.email_account.pull for dcode.com
2022-10-19 15:24:03,358 INFO scheduler Scheduled Job Start: frappe.email.queue.flush for dcode.com
2022-10-19 15:24:03,456 INFO scheduler Scheduled Job Complete: frappe.email.queue.flush for dcode.com
2022-10-19 15:25:02,154 INFO scheduler Scheduled Job Start: erpnext.manufacturing.doctype.bom_update_log.bom_update_log.resume_bom_cost_update_jobs for dcode.com
2022-10-19 15:25:02,155 DEBUG scheduler Queued events for site dcode.com
2022-10-19 15:25:02,277 INFO scheduler Scheduled Job Complete: erpnext.manufacturing.doctype.bom_update_log.bom_update_log.resume_bom_cost_update_jobs for dcode.com
2022-10-19 15:26:02,309 DEBUG scheduler Queued events for site dcode.com
2022-10-19 15:27:02,456 DEBUG scheduler Queued events for site dcode.com
2022-10-19 15:28:02,628 INFO scheduler Scheduled Job Start: erpnext.crm.doctype.social_media_post.social_media_post.process_scheduled_social_media_posts for dcode.com
2022-10-19 15:28:02,654 DEBUG scheduler Queued events for site dcode.com
2022-10-19 15:28:02,737 INFO scheduler Scheduled Job Complete: erpnext.crm.doctype.social_media_post.social_media_post.process_scheduled_social_media_posts for dcode.com
2022-10-19 15:28:02,776 INFO scheduler Scheduled Job Start: erpnext.hr.doctype.interview.interview.send_interview_reminder for dcode.com
2022-10-19 15:28:02,884 INFO scheduler Scheduled Job Complete: erpnext.hr.doctype.interview.interview.send_interview_reminder for dcode.com
2022-10-19 15:28:02,923 INFO scheduler Scheduled Job Start: erpnext.healthcare.doctype.patient_appointment.patient_appointment.send_appointment_reminder for dcode.com
2022-10-19 15:28:03,020 INFO scheduler Scheduled Job Complete: erpnext.healthcare.doctype.patient_appointment.patient_appointment.send_appointment_reminder for dcode.com
2022-10-19 15:28:03,058 INFO scheduler Scheduled Job Start: erpnext.projects.doctype.project.project.project_status_update_reminder for dcode.com
2022-10-19 15:28:03,195 INFO scheduler Scheduled Job Complete: erpnext.projects.doctype.project.project.project_status_update_reminder for dcode.com
2022-10-19 15:28:03,234 INFO scheduler Scheduled Job Start: frappe.monitor.flush for dcode.com
2022-10-19 15:28:03,326 INFO scheduler Scheduled Job Complete: frappe.monitor.flush for dcode.com
2022-10-19 15:28:03,366 INFO scheduler Scheduled Job Start: frappe.utils.global_search.sync_global_search for dcode.com
2022-10-19 15:28:03,457 INFO scheduler Scheduled Job Complete: frappe.utils.global_search.sync_global_search for dcode.com
2022-10-19 15:28:03,496 INFO scheduler Scheduled Job Start: frappe.integrations.doctype.razorpay_settings.razorpay_settings.capture_payment for dcode.com
2022-10-19 15:28:03,649 INFO scheduler Scheduled Job Complete: frappe.integrations.doctype.razorpay_settings.razorpay_settings.capture_payment for dcode.com
2022-10-19 15:28:03,688 INFO scheduler Scheduled Job Start: frappe.email.doctype.email_account.email_account.notify_unreplied for dcode.com
2022-10-19 15:28:03,808 INFO scheduler Scheduled Job Complete: frappe.email.doctype.email_account.email_account.notify_unreplied for dcode.com
2022-10-19 15:28:03,847 INFO scheduler Scheduled Job Start: frappe.email.doctype.email_account.email_account.pull for dcode.com
2022-10-19 15:28:03,972 INFO scheduler Scheduled Job Complete: frappe.email.doctype.email_account.email_account.pull for dcode.com
2022-10-19 15:28:04,012 INFO scheduler Scheduled Job Start: frappe.email.queue.flush for dcode.com
2022-10-19 15:28:04,113 INFO scheduler Scheduled Job Complete: frappe.email.queue.flush for dcode.com
2022-10-19 15:29:02,843 DEBUG scheduler Queued events for site dcode.com
2022-10-19 15:30:03,136 INFO scheduler Scheduled Job Start: erpnext.accounts.doctype.gl_entry.gl_entry.rename_gle_sle_docs for dcode.com
2022-10-19 15:30:03,139 DEBUG scheduler Queued events for site dcode.com
2022-10-19 15:30:03,428 INFO scheduler Scheduled Job Complete: erpnext.accounts.doctype.gl_entry.gl_entry.rename_gle_sle_docs for dcode.com
2022-10-19 15:30:03,510 INFO scheduler Scheduled Job Start: erpnext.utilities.doctype.video.video.update_youtube_data for dcode.com
2022-10-19 15:30:03,813 INFO scheduler Scheduled Job Complete: erpnext.utilities.doctype.video.video.update_youtube_data for dcode.com
2022-10-19 15:30:03,889 INFO scheduler Scheduled Job Start: erpnext.manufacturing.doctype.bom_update_log.bom_update_log.resume_bom_cost_update_jobs for dcode.com
2022-10-19 15:30:04,111 INFO scheduler Scheduled Job Complete: erpnext.manufacturing.doctype.bom_update_log.bom_update_log.resume_bom_cost_update_jobs for dcode.com
2022-10-19 15:30:04,189 INFO scheduler Scheduled Job Start: frappe.twofactor.delete_all_barcodes_for_users for dcode.com
2022-10-19 15:30:04,405 INFO scheduler Scheduled Job Complete: frappe.twofactor.delete_all_barcodes_for_users for dcode.com
2022-10-19 15:30:04,482 INFO scheduler Scheduled Job Start: frappe.website.doctype.web_page.web_page.check_publish_status for dcode.com
2022-10-19 15:30:04,781 INFO scheduler Scheduled Job Complete: frappe.website.doctype.web_page.web_page.check_publish_status for dcode.com
2022-10-19 15:30:04,858 INFO scheduler Scheduled Job Start: frappe.oauth.delete_oauth2_data for dcode.com
2022-10-19 15:30:05,120 INFO scheduler Scheduled Job Complete: frappe.oauth.delete_oauth2_data for dcode.com
2022-10-19 15:31:03,300 DEBUG scheduler Queued events for site dcode.com
2022-10-19 15:32:03,448 INFO scheduler Scheduled Job Start: erpnext.crm.doctype.social_media_post.social_media_post.process_scheduled_social_media_posts for dcode.com
2022-10-19 15:32:03,472 DEBUG scheduler Queued events for site dcode.com
2022-10-19 15:32:03,564 INFO scheduler Scheduled Job Complete: erpnext.crm.doctype.social_media_post.social_media_post.process_scheduled_social_media_posts for dcode.com
2022-10-19 15:32:03,603 INFO scheduler Scheduled Job Start: erpnext.hr.doctype.interview.interview.send_interview_reminder for dcode.com
2022-10-19 15:32:03,712 INFO scheduler Scheduled Job Complete: erpnext.hr.doctype.interview.interview.send_interview_reminder for dcode.com
2022-10-19 15:32:03,751 INFO scheduler Scheduled Job Start: erpnext.healthcare.doctype.patient_appointment.patient_appointment.send_appointment_reminder for dcode.com
2022-10-19 15:32:03,847 INFO scheduler Scheduled Job Complete: erpnext.healthcare.doctype.patient_appointment.patient_appointment.send_appointment_reminder for dcode.com
2022-10-19 15:32:03,888 INFO scheduler Scheduled Job Start: erpnext.projects.doctype.project.project.project_status_update_reminder for dcode.com
2022-10-19 15:32:04,029 INFO scheduler Scheduled Job Complete: erpnext.projects.doctype.project.project.project_status_update_reminder for dcode.com
2022-10-19 15:32:04,068 INFO scheduler Scheduled Job Start: frappe.monitor.flush for dcode.com
2022-10-19 15:32:04,162 INFO scheduler Scheduled Job Complete: frappe.monitor.flush for dcode.com
2022-10-19 15:32:04,199 INFO scheduler Scheduled Job Start: frappe.utils.global_search.sync_global_search for dcode.com
2022-10-19 15:32:04,294 INFO scheduler Scheduled Job Complete: frappe.utils.global_search.sync_global_search for dcode.com
2022-10-19 15:32:04,332 INFO scheduler Scheduled Job Start: frappe.integrations.doctype.razorpay_settings.razorpay_settings.capture_payment for dcode.com
2022-10-19 15:32:04,484 INFO scheduler Scheduled Job Complete: frappe.integrations.doctype.razorpay_settings.razorpay_settings.capture_payment for dcode.com
2022-10-19 15:32:04,523 INFO scheduler Scheduled Job Start: frappe.email.doctype.email_account.email_account.notify_unreplied for dcode.com
2022-10-19 15:32:04,643 INFO scheduler Scheduled Job Complete: frappe.email.doctype.email_account.email_account.notify_unreplied for dcode.com
2022-10-19 15:32:04,681 INFO scheduler Scheduled Job Start: frappe.email.doctype.email_account.email_account.pull for dcode.com
2022-10-19 15:32:04,805 INFO scheduler Scheduled Job Complete: frappe.email.doctype.email_account.email_account.pull for dcode.com
2022-10-19 15:32:04,844 INFO scheduler Scheduled Job Start: frappe.email.queue.flush for dcode.com
2022-10-19 15:32:04,942 INFO scheduler Scheduled Job Complete: frappe.email.queue.flush for dcode.com
2022-10-19 15:33:03,626 DEBUG scheduler Queued events for site dcode.com
2022-10-19 15:34:03,771 DEBUG scheduler Queued events for site dcode.com
2022-10-19 15:35:03,923 DEBUG scheduler Queued events for site dcode.com
2022-10-19 15:35:03,930 INFO scheduler Scheduled Job Start: erpnext.manufacturing.doctype.bom_update_log.bom_update_log.resume_bom_cost_update_jobs for dcode.com
2022-10-19 15:35:04,070 INFO scheduler Scheduled Job Complete: erpnext.manufacturing.doctype.bom_update_log.bom_update_log.resume_bom_cost_update_jobs for dcode.com
2022-10-19 15:36:04,078 INFO scheduler Scheduled Job Start: erpnext.crm.doctype.social_media_post.social_media_post.process_scheduled_social_media_posts for dcode.com
2022-10-19 15:36:04,110 DEBUG scheduler Queued events for site dcode.com
2022-10-19 15:36:04,185 INFO scheduler Scheduled Job Complete: erpnext.crm.doctype.social_media_post.social_media_post.process_scheduled_social_media_posts for dcode.com
2022-10-19 15:36:04,224 INFO scheduler Scheduled Job Start: erpnext.hr.doctype.interview.interview.send_interview_reminder for dcode.com
2022-10-19 15:36:04,331 INFO scheduler Scheduled Job Complete: erpnext.hr.doctype.interview.interview.send_interview_reminder for dcode.com
2022-10-19 15:36:04,369 INFO scheduler Scheduled Job Start: erpnext.healthcare.doctype.patient_appointment.patient_appointment.send_appointment_reminder for dcode.com
2022-10-19 15:36:04,467 INFO scheduler Scheduled Job Complete: erpnext.healthcare.doctype.patient_appointment.patient_appointment.send_appointment_reminder for dcode.com
2022-10-19 15:36:04,507 INFO scheduler Scheduled Job Start: erpnext.projects.doctype.project.project.project_status_update_reminder for dcode.com
2022-10-19 15:36:04,647 INFO scheduler Scheduled Job Complete: erpnext.projects.doctype.project.project.project_status_update_reminder for dcode.com
2022-10-19 15:36:04,686 INFO scheduler Scheduled Job Start: frappe.monitor.flush for dcode.com
2022-10-19 15:36:04,777 INFO scheduler Scheduled Job Complete: frappe.monitor.flush for dcode.com
2022-10-19 15:36:04,816 INFO scheduler Scheduled Job Start: frappe.utils.global_search.sync_global_search for dcode.com
2022-10-19 15:36:04,910 INFO scheduler Scheduled Job Complete: frappe.utils.global_search.sync_global_search for dcode.com
2022-10-19 15:36:04,952 INFO scheduler Scheduled Job Start: frappe.integrations.doctype.razorpay_settings.razorpay_settings.capture_payment for dcode.com
2022-10-19 15:36:05,102 INFO scheduler Scheduled Job Complete: frappe.integrations.doctype.razorpay_settings.razorpay_settings.capture_payment for dcode.com
2022-10-19 15:36:05,141 INFO scheduler Scheduled Job Start: frappe.email.doctype.email_account.email_account.notify_unreplied for dcode.com
2022-10-19 15:36:05,261 INFO scheduler Scheduled Job Complete: frappe.email.doctype.email_account.email_account.notify_unreplied for dcode.com
2022-10-19 15:36:05,301 INFO scheduler Scheduled Job Start: frappe.email.doctype.email_account.email_account.pull for dcode.com
2022-10-19 15:36:05,423 INFO scheduler Scheduled Job Complete: frappe.email.doctype.email_account.email_account.pull for dcode.com
2022-10-19 15:36:05,465 INFO scheduler Scheduled Job Start: frappe.email.queue.flush for dcode.com
2022-10-19 15:36:05,565 INFO scheduler Scheduled Job Complete: frappe.email.queue.flush for dcode.com
